{"/home/travis/build/npmtest/node-npmtest-release/test.js":{"path":"/home/travis/build/npmtest/node-npmtest-release/test.js","s":{"1":2,"2":2,"3":2,"4":2,"5":2,"6":2,"7":2,"8":1,"9":2,"10":2,"11":1,"12":1,"13":1,"14":1,"15":2,"16":2,"17":2,"18":2,"19":1,"20":1,"21":2,"22":2,"23":2,"24":1,"25":1,"26":1,"27":1,"28":1,"29":1,"30":1,"31":1,"32":1,"33":1,"34":1,"35":1,"36":1,"37":1,"38":1,"39":2,"40":2,"41":1,"42":2,"43":2,"44":1,"45":2,"46":2,"47":1,"48":2,"49":2,"50":1,"51":1,"52":1,"53":1,"54":1},"b":{"1":[2,1,1,1],"2":[1,1,1,1],"3":[1,1],"4":[1,1],"5":[1,1],"6":[1,1],"7":[1,1],"8":[1,1],"9":[1,1],"10":[1,1,1],"11":[1,1],"12":[1,1],"13":[1,1],"14":[1,1],"15":[1,1],"16":[1,1],"17":[1,1]},"f":{"1":2,"2":2,"3":2,"4":2,"5":2,"6":1,"7":1,"8":1,"9":2,"10":2,"11":2,"12":2,"13":1},"fnMap":{"1":{"name":"(anonymous_1)","line":12,"loc":{"start":{"line":12,"column":1},"end":{"line":12,"column":13}}},"2":{"name":"(anonymous_2)","line":19,"loc":{"start":{"line":19,"column":5},"end":{"line":19,"column":17}}},"3":{"name":"(anonymous_3)","line":23,"loc":{"start":{"line":23,"column":24},"end":{"line":23,"column":36}}},"4":{"name":"(anonymous_4)","line":61,"loc":{"start":{"line":61,"column":5},"end":{"line":61,"column":17}}},"5":{"name":"(anonymous_5)","line":82,"loc":{"start":{"line":82,"column":5},"end":{"line":82,"column":17}}},"6":{"name":"(anonymous_6)","line":91,"loc":{"start":{"line":91,"column":77},"end":{"line":94,"column":10}}},"7":{"name":"(anonymous_7)","line":112,"loc":{"start":{"line":112,"column":83},"end":{"line":115,"column":10}},"skip":true},"8":{"name":"(anonymous_8)","line":123,"loc":{"start":{"line":123,"column":77},"end":{"line":126,"column":10}},"skip":true},"9":{"name":"(anonymous_9)","line":139,"loc":{"start":{"line":139,"column":12},"end":{"line":139,"column":40}},"skip":true},"10":{"name":"(anonymous_10)","line":147,"loc":{"start":{"line":147,"column":77},"end":{"line":150,"column":10}},"skip":true},"11":{"name":"(anonymous_11)","line":158,"loc":{"start":{"line":158,"column":83},"end":{"line":161,"column":10}},"skip":true},"12":{"name":"(anonymous_12)","line":169,"loc":{"start":{"line":169,"column":79},"end":{"line":172,"column":10}},"skip":true},"13":{"name":"(anonymous_13)","line":180,"loc":{"start":{"line":180,"column":75},"end":{"line":183,"column":10}},"skip":true}},"statementMap":{"1":{"start":{"line":12,"column":0},"end":{"line":195,"column":5}},"2":{"start":{"line":14,"column":4},"end":{"line":14,"column":14}},"3":{"start":{"line":19,"column":4},"end":{"line":56,"column":9}},"4":{"start":{"line":21,"column":8},"end":{"line":21,"column":19}},"5":{"start":{"line":23,"column":8},"end":{"line":35,"column":13}},"6":{"start":{"line":24,"column":12},"end":{"line":34,"column":13}},"7":{"start":{"line":25,"column":16},"end":{"line":28,"column":30}},"8":{"start":{"line":30,"column":16},"end":{"line":33,"column":27}},"9":{"start":{"line":37,"column":8},"end":{"line":39,"column":21}},"10":{"start":{"line":40,"column":8},"end":{"line":53,"column":9}},"11":{"start":{"line":43,"column":12},"end":{"line":46,"column":14}},"12":{"start":{"line":47,"column":12},"end":{"line":47,"column":18}},"13":{"start":{"line":50,"column":12},"end":{"line":51,"column":33}},"14":{"start":{"line":52,"column":12},"end":{"line":52,"column":18}},"15":{"start":{"line":55,"column":8},"end":{"line":55,"column":35}},"16":{"start":{"line":61,"column":4},"end":{"line":63,"column":9}},"17":{"start":{"line":62,"column":8},"end":{"line":62,"column":15}},"18":{"start":{"line":64,"column":4},"end":{"line":77,"column":5}},"19":{"start":{"line":70,"column":8},"end":{"line":70,"column":14}},"20":{"start":{"line":76,"column":8},"end":{"line":76,"column":14}},"21":{"start":{"line":82,"column":4},"end":{"line":84,"column":9}},"22":{"start":{"line":83,"column":8},"end":{"line":83,"column":15}},"23":{"start":{"line":85,"column":4},"end":{"line":194,"column":5}},"24":{"start":{"line":91,"column":8},"end":{"line":99,"column":10}},"25":{"start":{"line":98,"column":12},"end":{"line":98,"column":35}},"26":{"start":{"line":102,"column":8},"end":{"line":104,"column":63}},"27":{"start":{"line":105,"column":8},"end":{"line":105,"column":14}},"28":{"start":{"line":112,"column":8},"end":{"line":121,"column":10},"skip":true},"29":{"start":{"line":119,"column":12},"end":{"line":119,"column":55},"skip":true},"30":{"start":{"line":120,"column":12},"end":{"line":120,"column":48},"skip":true},"31":{"start":{"line":123,"column":8},"end":{"line":136,"column":10},"skip":true},"32":{"start":{"line":130,"column":12},"end":{"line":130,"column":76},"skip":true},"33":{"start":{"line":131,"column":12},"end":{"line":131,"column":73},"skip":true},"34":{"start":{"line":132,"column":12},"end":{"line":132,"column":74},"skip":true},"35":{"start":{"line":133,"column":12},"end":{"line":133,"column":79},"skip":true},"36":{"start":{"line":134,"column":12},"end":{"line":134,"column":25},"skip":true},"37":{"start":{"line":135,"column":12},"end":{"line":135,"column":45},"skip":true},"38":{"start":{"line":138,"column":8},"end":{"line":145,"column":14},"skip":true},"39":{"start":{"line":143,"column":16},"end":{"line":143,"column":29},"skip":true},"40":{"start":{"line":144,"column":16},"end":{"line":144,"column":55},"skip":true},"41":{"start":{"line":147,"column":8},"end":{"line":156,"column":10},"skip":true},"42":{"start":{"line":154,"column":12},"end":{"line":154,"column":25},"skip":true},"43":{"start":{"line":155,"column":12},"end":{"line":155,"column":45},"skip":true},"44":{"start":{"line":158,"column":8},"end":{"line":167,"column":10},"skip":true},"45":{"start":{"line":165,"column":12},"end":{"line":165,"column":25},"skip":true},"46":{"start":{"line":166,"column":12},"end":{"line":166,"column":48},"skip":true},"47":{"start":{"line":169,"column":8},"end":{"line":178,"column":10},"skip":true},"48":{"start":{"line":176,"column":12},"end":{"line":176,"column":25},"skip":true},"49":{"start":{"line":177,"column":12},"end":{"line":177,"column":46},"skip":true},"50":{"start":{"line":180,"column":8},"end":{"line":189,"column":10},"skip":true},"51":{"start":{"line":187,"column":12},"end":{"line":187,"column":94},"skip":true},"52":{"start":{"line":188,"column":12},"end":{"line":188,"column":48},"skip":true},"53":{"start":{"line":192,"column":8},"end":{"line":192,"column":35},"skip":true},"54":{"start":{"line":193,"column":8},"end":{"line":193,"column":14},"skip":true}},"branchMap":{"1":{"line":25,"type":"binary-expr","locations":[{"start":{"line":25,"column":23},"end":{"line":25,"column":62}},{"start":{"line":26,"column":20},"end":{"line":26,"column":70}},{"start":{"line":27,"column":20},"end":{"line":27,"column":71}},{"start":{"line":28,"column":20},"end":{"line":28,"column":29}}]},"2":{"line":30,"type":"binary-expr","locations":[{"start":{"line":30,"column":23},"end":{"line":30,"column":37}},{"start":{"line":31,"column":20},"end":{"line":31,"column":61}},{"start":{"line":32,"column":20},"end":{"line":32,"column":70}},{"start":{"line":33,"column":20},"end":{"line":33,"column":26}}]},"3":{"line":37,"type":"cond-expr","locations":[{"start":{"line":38,"column":14},"end":{"line":38,"column":20}},{"start":{"line":39,"column":14},"end":{"line":39,"column":20}}]},"4":{"line":40,"type":"switch","locations":[{"start":{"line":42,"column":8},"end":{"line":47,"column":18}},{"start":{"line":49,"column":8},"end":{"line":52,"column":18}}]},"5":{"line":44,"type":"binary-expr","locations":[{"start":{"line":44,"column":16},"end":{"line":44,"column":44}},{"start":{"line":44,"column":48},"end":{"line":44,"column":66}}]},"6":{"line":50,"type":"binary-expr","locations":[{"start":{"line":50,"column":21},"end":{"line":50,"column":49}},{"start":{"line":50,"column":53},"end":{"line":50,"column":72}}]},"7":{"line":64,"type":"switch","locations":[{"start":{"line":69,"column":4},"end":{"line":70,"column":14}},{"start":{"line":75,"column":4},"end":{"line":76,"column":14}}]},"8":{"line":85,"type":"switch","locations":[{"start":{"line":90,"column":4},"end":{"line":105,"column":14}},{"start":{"line":111,"column":4},"end":{"line":193,"column":14},"skip":true}]},"9":{"line":91,"type":"binary-expr","locations":[{"start":{"line":91,"column":42},"end":{"line":91,"column":73}},{"start":{"line":91,"column":77},"end":{"line":99,"column":9}}]},"10":{"line":102,"type":"binary-expr","locations":[{"start":{"line":102,"column":18},"end":{"line":102,"column":32}},{"start":{"line":103,"column":12},"end":{"line":103,"column":53}},{"start":{"line":104,"column":12},"end":{"line":104,"column":61}}]},"11":{"line":112,"type":"binary-expr","locations":[{"start":{"line":112,"column":45},"end":{"line":112,"column":79},"skip":true},{"start":{"line":112,"column":83},"end":{"line":121,"column":9},"skip":true}]},"12":{"line":123,"type":"binary-expr","locations":[{"start":{"line":123,"column":42},"end":{"line":123,"column":73},"skip":true},{"start":{"line":123,"column":77},"end":{"line":136,"column":9},"skip":true}]},"13":{"line":138,"type":"binary-expr","locations":[{"start":{"line":138,"column":48},"end":{"line":138,"column":85},"skip":true},{"start":{"line":139,"column":12},"end":{"line":145,"column":13},"skip":true}]},"14":{"line":147,"type":"binary-expr","locations":[{"start":{"line":147,"column":42},"end":{"line":147,"column":73},"skip":true},{"start":{"line":147,"column":77},"end":{"line":156,"column":9},"skip":true}]},"15":{"line":158,"type":"binary-expr","locations":[{"start":{"line":158,"column":45},"end":{"line":158,"column":79},"skip":true},{"start":{"line":158,"column":83},"end":{"line":167,"column":9},"skip":true}]},"16":{"line":169,"type":"binary-expr","locations":[{"start":{"line":169,"column":43},"end":{"line":169,"column":75},"skip":true},{"start":{"line":169,"column":79},"end":{"line":178,"column":9},"skip":true}]},"17":{"line":180,"type":"binary-expr","locations":[{"start":{"line":180,"column":41},"end":{"line":180,"column":71},"skip":true},{"start":{"line":180,"column":75},"end":{"line":189,"column":9},"skip":true}]}},"code":["/* istanbul instrument in package npmtest_release */","/*jslint","    bitwise: true,","    browser: true,","    maxerr: 8,","    maxlen: 96,","    node: true,","    nomen: true,","    regexp: true,","    stupid: true","*/","(function () {","    'use strict';","    var local;","","","","    // run shared js-env code - pre-init","    (function () {","        // init local","        local = {};","        // init modeJs","        local.modeJs = (function () {","            try {","                return typeof navigator.userAgent === 'string' &&","                    typeof document.querySelector('body') === 'object' &&","                    typeof XMLHttpRequest.prototype.open === 'function' &&","                    'browser';","            } catch (errorCaughtBrowser) {","                return module.exports &&","                    typeof process.versions.node === 'string' &&","                    typeof require('http').createServer === 'function' &&","                    'node';","            }","        }());","        // init global","        local.global = local.modeJs === 'browser'","            ? window","            : global;","        switch (local.modeJs) {","        // re-init local from window.local","        case 'browser':","            local = local.global.utility2.objectSetDefault(","                local.global.utility2_rollup || local.global.local,","                local.global.utility2","            );","            break;","        // re-init local from example.js","        case 'node':","            local = (local.global.utility2_rollup || require('utility2'))","                .requireReadme();","            break;","        }","        // export local","        local.global.local = local;","    }());","","","","    // run shared js-env code - function","    (function () {","        return;","    }());","    switch (local.modeJs) {","","","","    // run browser js-env code - function","    case 'browser':","        break;","","","","    // run node js-env code - function","    case 'node':","        break;","    }","","","","    // run shared js-env code - post-init","    (function () {","        return;","    }());","    switch (local.modeJs) {","","","","    // run browser js-env code - post-init","    case 'browser':","        local.testCase_browser_nullCase = local.testCase_browser_nullCase || function (","            options,","            onError","        ) {","        /*","         * this function will test browsers's null-case handling-behavior-behavior","         */","            onError(null, options);","        };","","        // run tests","        local.nop(local.modeTest &&","            document.querySelector('#testRunButton1') &&","            document.querySelector('#testRunButton1').click());","        break;","","","","    // run node js-env code - post-init","    /* istanbul ignore next */","    case 'node':","        local.testCase_buildApidoc_default = local.testCase_buildApidoc_default || function (","            options,","            onError","        ) {","        /*","         * this function will test buildApidoc's default handling-behavior-behavior","         */","            options = { modulePathList: module.paths };","            local.buildApidoc(options, onError);","        };","","        local.testCase_buildApp_default = local.testCase_buildApp_default || function (","            options,","            onError","        ) {","        /*","         * this function will test buildApp's default handling-behavior-behavior","         */","            local.testCase_buildReadme_default(options, local.onErrorThrow);","            local.testCase_buildLib_default(options, local.onErrorThrow);","            local.testCase_buildTest_default(options, local.onErrorThrow);","            local.testCase_buildCustomOrg_default(options, local.onErrorThrow);","            options = [];","            local.buildApp(options, onError);","        };","","        local.testCase_buildCustomOrg_default = local.testCase_buildCustomOrg_default ||","            function (options, onError) {","            /*","             * this function will test buildCustomOrg's default handling-behavior","             */","                options = {};","                local.buildCustomOrg(options, onError);","            };","","        local.testCase_buildLib_default = local.testCase_buildLib_default || function (","            options,","            onError","        ) {","        /*","         * this function will test buildLib's default handling-behavior","         */","            options = {};","            local.buildLib(options, onError);","        };","","        local.testCase_buildReadme_default = local.testCase_buildReadme_default || function (","            options,","            onError","        ) {","        /*","         * this function will test buildReadme's default handling-behavior-behavior","         */","            options = {};","            local.buildReadme(options, onError);","        };","","        local.testCase_buildTest_default = local.testCase_buildTest_default || function (","            options,","            onError","        ) {","        /*","         * this function will test buildTest's default handling-behavior","         */","            options = {};","            local.buildTest(options, onError);","        };","","        local.testCase_webpage_default = local.testCase_webpage_default || function (","            options,","            onError","        ) {","        /*","         * this function will test webpage's default handling-behavior","         */","            options = { modeCoverageMerge: true, url: local.serverLocalHost + '?modeTest=1' };","            local.browserTest(options, onError);","        };","","        // run test-server","        local.testRunServer(local);","        break;","    }","}());",""],"l":{"12":2,"14":2,"19":2,"21":2,"23":2,"24":2,"25":2,"30":1,"37":2,"40":2,"43":1,"47":1,"50":1,"52":1,"55":2,"61":2,"62":2,"64":2,"70":1,"76":1,"82":2,"83":2,"85":2,"91":1,"98":1,"102":1,"105":1,"112":1,"119":1,"120":1,"123":1,"130":1,"131":1,"132":1,"133":1,"134":1,"135":1,"138":1,"143":2,"144":2,"147":1,"154":2,"155":2,"158":1,"165":2,"166":2,"169":1,"176":2,"177":2,"180":1,"187":1,"188":1,"192":1,"193":1}},"/home/travis/build/npmtest/node-npmtest-release/lib.npmtest_release.js":{"path":"/home/travis/build/npmtest/node-npmtest-release/lib.npmtest_release.js","s":{"1":2,"2":2,"3":2,"4":2,"5":2,"6":2,"7":2,"8":1,"9":2,"10":2,"11":2,"12":2,"13":1,"14":1,"15":1,"16":1},"b":{"1":[2,1,1,1],"2":[1,1,1,1],"3":[1,1],"4":[2,2],"5":[1,1]},"f":{"1":2,"2":2,"3":2},"fnMap":{"1":{"name":"(anonymous_1)","line":12,"loc":{"start":{"line":12,"column":1},"end":{"line":12,"column":13}}},"2":{"name":"(anonymous_2)","line":19,"loc":{"start":{"line":19,"column":5},"end":{"line":19,"column":17}}},"3":{"name":"(anonymous_3)","line":23,"loc":{"start":{"line":23,"column":24},"end":{"line":23,"column":36}}}},"statementMap":{"1":{"start":{"line":12,"column":0},"end":{"line":53,"column":5}},"2":{"start":{"line":14,"column":4},"end":{"line":14,"column":14}},"3":{"start":{"line":19,"column":4},"end":{"line":52,"column":9}},"4":{"start":{"line":21,"column":8},"end":{"line":21,"column":19}},"5":{"start":{"line":23,"column":8},"end":{"line":35,"column":13}},"6":{"start":{"line":24,"column":12},"end":{"line":34,"column":13}},"7":{"start":{"line":25,"column":16},"end":{"line":28,"column":30}},"8":{"start":{"line":30,"column":16},"end":{"line":33,"column":27}},"9":{"start":{"line":37,"column":8},"end":{"line":39,"column":21}},"10":{"start":{"line":41,"column":8},"end":{"line":41,"column":54}},"11":{"start":{"line":43,"column":8},"end":{"line":43,"column":52}},"12":{"start":{"line":45,"column":8},"end":{"line":51,"column":9}},"13":{"start":{"line":46,"column":12},"end":{"line":46,"column":58}},"14":{"start":{"line":48,"column":12},"end":{"line":48,"column":35}},"15":{"start":{"line":49,"column":12},"end":{"line":49,"column":49}},"16":{"start":{"line":50,"column":12},"end":{"line":50,"column":43}}},"branchMap":{"1":{"line":25,"type":"binary-expr","locations":[{"start":{"line":25,"column":23},"end":{"line":25,"column":62}},{"start":{"line":26,"column":20},"end":{"line":26,"column":70}},{"start":{"line":27,"column":20},"end":{"line":27,"column":71}},{"start":{"line":28,"column":20},"end":{"line":28,"column":29}}]},"2":{"line":30,"type":"binary-expr","locations":[{"start":{"line":30,"column":23},"end":{"line":30,"column":37}},{"start":{"line":31,"column":20},"end":{"line":31,"column":61}},{"start":{"line":32,"column":20},"end":{"line":32,"column":70}},{"start":{"line":33,"column":20},"end":{"line":33,"column":26}}]},"3":{"line":37,"type":"cond-expr","locations":[{"start":{"line":38,"column":14},"end":{"line":38,"column":20}},{"start":{"line":39,"column":14},"end":{"line":39,"column":20}}]},"4":{"line":41,"type":"binary-expr","locations":[{"start":{"line":41,"column":16},"end":{"line":41,"column":44}},{"start":{"line":41,"column":48},"end":{"line":41,"column":53}}]},"5":{"line":45,"type":"if","locations":[{"start":{"line":45,"column":8},"end":{"line":45,"column":8}},{"start":{"line":45,"column":8},"end":{"line":45,"column":8}}]}},"code":["/* istanbul instrument in package npmtest_release */","/*jslint","    bitwise: true,","    browser: true,","    maxerr: 8,","    maxlen: 96,","    node: true,","    nomen: true,","    regexp: true,","    stupid: true","*/","(function () {","    'use strict';","    var local;","","","","    // run shared js-env code - pre-init","    (function () {","        // init local","        local = {};","        // init modeJs","        local.modeJs = (function () {","            try {","                return typeof navigator.userAgent === 'string' &&","                    typeof document.querySelector('body') === 'object' &&","                    typeof XMLHttpRequest.prototype.open === 'function' &&","                    'browser';","            } catch (errorCaughtBrowser) {","                return module.exports &&","                    typeof process.versions.node === 'string' &&","                    typeof require('http').createServer === 'function' &&","                    'node';","            }","        }());","        // init global","        local.global = local.modeJs === 'browser'","            ? window","            : global;","        // init utility2_rollup","        local = local.global.utility2_rollup || local;","        // init lib","        local.local = local.npmtest_release = local;","        // init exports","        if (local.modeJs === 'browser') {","            local.global.utility2_npmtest_release = local;","        } else {","            module.exports = local;","            module.exports.__dirname = __dirname;","            module.exports.module = module;","        }","    }());","}());",""],"l":{"12":2,"14":2,"19":2,"21":2,"23":2,"24":2,"25":2,"30":1,"37":2,"41":2,"43":2,"45":2,"46":1,"48":1,"49":1,"50":1}},"/home/travis/build/npmtest/node-npmtest-release/example.js":{"path":"/home/travis/build/npmtest/node-npmtest-release/example.js","s":{"1":2,"2":2,"3":2,"4":2,"5":2,"6":2,"7":2,"8":1,"9":2,"10":2,"11":2,"12":2,"13":1,"14":2,"15":2,"16":2,"17":2,"18":2,"19":0,"20":2,"21":1,"22":1,"23":1,"24":1,"25":1,"26":0,"27":0,"28":1,"29":1,"30":2,"31":0,"32":0,"33":0,"34":1,"35":2,"36":2,"37":3,"38":3,"39":3,"40":3,"41":0,"42":3,"43":3,"44":3,"45":1,"46":3,"47":1,"48":1,"49":1,"50":1,"51":1,"52":1,"53":1,"54":1,"55":1,"56":1,"57":0,"58":1,"59":6,"60":6,"61":1,"62":2,"63":0,"64":2,"65":1,"66":1,"67":0,"68":0,"69":0,"70":0,"71":0,"72":0,"73":0,"74":0,"75":0,"76":0,"77":0,"78":0,"79":0,"80":0,"81":0,"82":0,"83":0},"b":{"1":[2,1,1,1],"2":[1,1,1,1],"3":[1,1],"4":[2,2],"5":[1,1],"6":[1,1],"7":[2,0],"8":[2,1,1,1,1,1],"9":[0,2,0],"10":[1,1],"11":[2,1,1],"12":[1,0],"13":[0,2],"14":[2,0,0,0,0,0,0],"15":[0,3],"16":[3,0],"17":[1,1],"18":[0,1],"19":[1,2,0,2],"20":[1,0],"21":[1,1],"22":[0,0],"23":[0,0],"24":[0,0],"25":[0,0],"26":[0,0],"27":[0,0],"28":[0,0]},"f":{"1":2,"2":2,"3":2,"4":2,"5":2,"6":2,"7":3,"8":3,"9":3,"10":1,"11":6,"12":0},"fnMap":{"1":{"name":"(anonymous_1)","line":26,"loc":{"start":{"line":26,"column":1},"end":{"line":26,"column":13}}},"2":{"name":"(anonymous_2)","line":33,"loc":{"start":{"line":33,"column":5},"end":{"line":33,"column":17}}},"3":{"name":"(anonymous_3)","line":37,"loc":{"start":{"line":37,"column":24},"end":{"line":37,"column":36}}},"4":{"name":"(anonymous_4)","line":69,"loc":{"start":{"line":69,"column":31},"end":{"line":69,"column":48}},"skip":true},"5":{"name":"(anonymous_5)","line":78,"loc":{"start":{"line":78,"column":26},"end":{"line":78,"column":45}},"skip":true},"6":{"name":"(anonymous_6)","line":123,"loc":{"start":{"line":123,"column":33},"end":{"line":123,"column":48}},"skip":true},"7":{"name":"(anonymous_7)","line":125,"loc":{"start":{"line":125,"column":27},"end":{"line":125,"column":39}},"skip":true},"8":{"name":"(anonymous_8)","line":133,"loc":{"start":{"line":133,"column":59},"end":{"line":133,"column":74}},"skip":true},"9":{"name":"(anonymous_9)","line":143,"loc":{"start":{"line":143,"column":45},"end":{"line":143,"column":62}},"skip":true},"10":{"name":"(anonymous_10)","line":144,"loc":{"start":{"line":144,"column":73},"end":{"line":144,"column":92}},"skip":true},"11":{"name":"(anonymous_11)","line":272,"loc":{"start":{"line":272,"column":51},"end":{"line":272,"column":77}},"skip":true},"12":{"name":"(anonymous_12)","line":315,"loc":{"start":{"line":315,"column":32},"end":{"line":315,"column":61}},"skip":true}},"statementMap":{"1":{"start":{"line":26,"column":0},"end":{"line":326,"column":5}},"2":{"start":{"line":28,"column":4},"end":{"line":28,"column":14}},"3":{"start":{"line":33,"column":4},"end":{"line":60,"column":9}},"4":{"start":{"line":35,"column":8},"end":{"line":35,"column":19}},"5":{"start":{"line":37,"column":8},"end":{"line":49,"column":13}},"6":{"start":{"line":38,"column":12},"end":{"line":48,"column":13}},"7":{"start":{"line":39,"column":16},"end":{"line":42,"column":30}},"8":{"start":{"line":44,"column":16},"end":{"line":47,"column":27}},"9":{"start":{"line":51,"column":8},"end":{"line":53,"column":21}},"10":{"start":{"line":55,"column":8},"end":{"line":57,"column":45}},"11":{"start":{"line":59,"column":8},"end":{"line":59,"column":35}},"12":{"start":{"line":61,"column":4},"end":{"line":325,"column":5}},"13":{"start":{"line":69,"column":8},"end":{"line":121,"column":10},"skip":true},"14":{"start":{"line":70,"column":12},"end":{"line":88,"column":13},"skip":true},"15":{"start":{"line":76,"column":16},"end":{"line":87,"column":19},"skip":true},"16":{"start":{"line":79,"column":20},"end":{"line":86,"column":21},"skip":true},"17":{"start":{"line":82,"column":24},"end":{"line":82,"column":43},"skip":true},"18":{"start":{"line":83,"column":24},"end":{"line":83,"column":30},"skip":true},"19":{"start":{"line":85,"column":24},"end":{"line":85,"column":49},"skip":true},"20":{"start":{"line":89,"column":12},"end":{"line":107,"column":13},"skip":true},"21":{"start":{"line":92,"column":16},"end":{"line":102,"column":17},"skip":true},"22":{"start":{"line":93,"column":20},"end":{"line":93,"column":86},"skip":true},"23":{"start":{"line":94,"column":20},"end":{"line":95,"column":45},"skip":true},"24":{"start":{"line":96,"column":20},"end":{"line":96,"column":42},"skip":true},"25":{"start":{"line":97,"column":20},"end":{"line":97,"column":48},"skip":true},"26":{"start":{"line":100,"column":20},"end":{"line":100,"column":85},"skip":true},"27":{"start":{"line":101,"column":20},"end":{"line":101,"column":96},"skip":true},"28":{"start":{"line":103,"column":16},"end":{"line":103,"column":22},"skip":true},"29":{"start":{"line":106,"column":16},"end":{"line":106,"column":22},"skip":true},"30":{"start":{"line":108,"column":12},"end":{"line":120,"column":13},"skip":true},"31":{"start":{"line":114,"column":16},"end":{"line":119,"column":17},"skip":true},"32":{"start":{"line":116,"column":20},"end":{"line":116,"column":78},"skip":true},"33":{"start":{"line":118,"column":20},"end":{"line":118,"column":47},"skip":true},"34":{"start":{"line":123,"column":8},"end":{"line":141,"column":11},"skip":true},"35":{"start":{"line":124,"column":12},"end":{"line":124,"column":54},"skip":true},"36":{"start":{"line":125,"column":12},"end":{"line":140,"column":14},"skip":true},"37":{"start":{"line":126,"column":16},"end":{"line":126,"column":28},"skip":true},"38":{"start":{"line":127,"column":16},"end":{"line":127,"column":69},"skip":true},"39":{"start":{"line":128,"column":16},"end":{"line":128,"column":75},"skip":true},"40":{"start":{"line":129,"column":16},"end":{"line":131,"column":17},"skip":true},"41":{"start":{"line":130,"column":20},"end":{"line":130,"column":27},"skip":true},"42":{"start":{"line":133,"column":16},"end":{"line":137,"column":36},"skip":true},"43":{"start":{"line":134,"column":20},"end":{"line":136,"column":55},"skip":true},"44":{"start":{"line":139,"column":16},"end":{"line":139,"column":57},"skip":true},"45":{"start":{"line":143,"column":8},"end":{"line":147,"column":11},"skip":true},"46":{"start":{"line":144,"column":12},"end":{"line":146,"column":15},"skip":true},"47":{"start":{"line":145,"column":16},"end":{"line":145,"column":70},"skip":true},"48":{"start":{"line":149,"column":8},"end":{"line":149,"column":31},"skip":true},"49":{"start":{"line":150,"column":8},"end":{"line":150,"column":14},"skip":true},"50":{"start":{"line":158,"column":8},"end":{"line":158,"column":31},"skip":true},"51":{"start":{"line":160,"column":8},"end":{"line":160,"column":33},"skip":true},"52":{"start":{"line":161,"column":8},"end":{"line":161,"column":37},"skip":true},"53":{"start":{"line":162,"column":8},"end":{"line":162,"column":35},"skip":true},"54":{"start":{"line":164,"column":8},"end":{"line":164,"column":50},"skip":true},"55":{"start":{"line":166,"column":8},"end":{"line":256,"column":2},"skip":true},"56":{"start":{"line":258,"column":8},"end":{"line":286,"column":9},"skip":true},"57":{"start":{"line":259,"column":12},"end":{"line":269,"column":14},"skip":true},"58":{"start":{"line":271,"column":12},"end":{"line":285,"column":19},"skip":true},"59":{"start":{"line":274,"column":20},"end":{"line":274,"column":35},"skip":true},"60":{"start":{"line":275,"column":20},"end":{"line":284,"column":21},"skip":true},"61":{"start":{"line":277,"column":24},"end":{"line":277,"column":64},"skip":true},"62":{"start":{"line":279,"column":24},"end":{"line":279,"column":40},"skip":true},"63":{"start":{"line":281,"column":24},"end":{"line":281,"column":40},"skip":true},"64":{"start":{"line":283,"column":24},"end":{"line":283,"column":39},"skip":true},"65":{"start":{"line":288,"column":8},"end":{"line":290,"column":9},"skip":true},"66":{"start":{"line":289,"column":12},"end":{"line":289,"column":18},"skip":true},"67":{"start":{"line":291,"column":8},"end":{"line":293,"column":54},"skip":true},"68":{"start":{"line":296,"column":8},"end":{"line":301,"column":37},"skip":true},"69":{"start":{"line":303,"column":8},"end":{"line":303,"column":82},"skip":true},"70":{"start":{"line":306,"column":8},"end":{"line":308,"column":9},"skip":true},"71":{"start":{"line":307,"column":12},"end":{"line":307,"column":82},"skip":true},"72":{"start":{"line":310,"column":8},"end":{"line":312,"column":9},"skip":true},"73":{"start":{"line":311,"column":12},"end":{"line":311,"column":18},"skip":true},"74":{"start":{"line":313,"column":8},"end":{"line":313,"column":54},"skip":true},"75":{"start":{"line":314,"column":8},"end":{"line":314,"column":69},"skip":true},"76":{"start":{"line":315,"column":8},"end":{"line":323,"column":36},"skip":true},"77":{"start":{"line":316,"column":12},"end":{"line":316,"column":61},"skip":true},"78":{"start":{"line":317,"column":12},"end":{"line":320,"column":13},"skip":true},"79":{"start":{"line":318,"column":16},"end":{"line":318,"column":75},"skip":true},"80":{"start":{"line":319,"column":16},"end":{"line":319,"column":23},"skip":true},"81":{"start":{"line":321,"column":12},"end":{"line":321,"column":38},"skip":true},"82":{"start":{"line":322,"column":12},"end":{"line":322,"column":27},"skip":true},"83":{"start":{"line":324,"column":8},"end":{"line":324,"column":14},"skip":true}},"branchMap":{"1":{"line":39,"type":"binary-expr","locations":[{"start":{"line":39,"column":23},"end":{"line":39,"column":62}},{"start":{"line":40,"column":20},"end":{"line":40,"column":70}},{"start":{"line":41,"column":20},"end":{"line":41,"column":71}},{"start":{"line":42,"column":20},"end":{"line":42,"column":29}}]},"2":{"line":44,"type":"binary-expr","locations":[{"start":{"line":44,"column":23},"end":{"line":44,"column":37}},{"start":{"line":45,"column":20},"end":{"line":45,"column":61}},{"start":{"line":46,"column":20},"end":{"line":46,"column":70}},{"start":{"line":47,"column":20},"end":{"line":47,"column":26}}]},"3":{"line":51,"type":"cond-expr","locations":[{"start":{"line":52,"column":14},"end":{"line":52,"column":20}},{"start":{"line":53,"column":14},"end":{"line":53,"column":20}}]},"4":{"line":55,"type":"binary-expr","locations":[{"start":{"line":55,"column":16},"end":{"line":55,"column":44}},{"start":{"line":55,"column":49},"end":{"line":57,"column":43}}]},"5":{"line":55,"type":"cond-expr","locations":[{"start":{"line":56,"column":14},"end":{"line":56,"column":51}},{"start":{"line":57,"column":14},"end":{"line":57,"column":43}}]},"6":{"line":61,"type":"switch","locations":[{"start":{"line":68,"column":4},"end":{"line":150,"column":14},"skip":true},{"start":{"line":156,"column":4},"end":{"line":324,"column":14},"skip":true}]},"7":{"line":70,"type":"if","locations":[{"start":{"line":70,"column":12},"end":{"line":70,"column":12},"skip":true},{"start":{"line":70,"column":12},"end":{"line":70,"column":12},"skip":true}]},"8":{"line":70,"type":"binary-expr","locations":[{"start":{"line":70,"column":16},"end":{"line":70,"column":22},"skip":true},{"start":{"line":70,"column":27},"end":{"line":70,"column":32},"skip":true},{"start":{"line":71,"column":20},"end":{"line":71,"column":39},"skip":true},{"start":{"line":72,"column":20},"end":{"line":72,"column":49},"skip":true},{"start":{"line":73,"column":20},"end":{"line":73,"column":58},"skip":true},{"start":{"line":74,"column":20},"end":{"line":74,"column":69},"skip":true}]},"9":{"line":79,"type":"switch","locations":[{"start":{"line":80,"column":20},"end":{"line":80,"column":33},"skip":true},{"start":{"line":81,"column":20},"end":{"line":83,"column":30},"skip":true},{"start":{"line":84,"column":20},"end":{"line":85,"column":49},"skip":true}]},"10":{"line":89,"type":"switch","locations":[{"start":{"line":90,"column":12},"end":{"line":103,"column":22},"skip":true},{"start":{"line":105,"column":12},"end":{"line":106,"column":22},"skip":true}]},"11":{"line":89,"type":"binary-expr","locations":[{"start":{"line":89,"column":20},"end":{"line":89,"column":25},"skip":true},{"start":{"line":89,"column":29},"end":{"line":89,"column":48},"skip":true},{"start":{"line":89,"column":52},"end":{"line":89,"column":74},"skip":true}]},"12":{"line":92,"type":"if","locations":[{"start":{"line":92,"column":16},"end":{"line":92,"column":16},"skip":true},{"start":{"line":92,"column":16},"end":{"line":92,"column":16},"skip":true}]},"13":{"line":108,"type":"if","locations":[{"start":{"line":108,"column":12},"end":{"line":108,"column":12},"skip":true},{"start":{"line":108,"column":12},"end":{"line":108,"column":12},"skip":true}]},"14":{"line":108,"type":"binary-expr","locations":[{"start":{"line":108,"column":16},"end":{"line":108,"column":61},"skip":true},{"start":{"line":108,"column":66},"end":{"line":108,"column":72},"skip":true},{"start":{"line":108,"column":77},"end":{"line":108,"column":82},"skip":true},{"start":{"line":109,"column":20},"end":{"line":109,"column":39},"skip":true},{"start":{"line":110,"column":20},"end":{"line":110,"column":49},"skip":true},{"start":{"line":111,"column":20},"end":{"line":111,"column":58},"skip":true},{"start":{"line":112,"column":20},"end":{"line":112,"column":68},"skip":true}]},"15":{"line":129,"type":"if","locations":[{"start":{"line":129,"column":16},"end":{"line":129,"column":16},"skip":true},{"start":{"line":129,"column":16},"end":{"line":129,"column":16},"skip":true}]},"16":{"line":134,"type":"cond-expr","locations":[{"start":{"line":135,"column":26},"end":{"line":135,"column":29},"skip":true},{"start":{"line":136,"column":26},"end":{"line":136,"column":54},"skip":true}]},"17":{"line":164,"type":"binary-expr","locations":[{"start":{"line":164,"column":27},"end":{"line":164,"column":43},"skip":true},{"start":{"line":164,"column":47},"end":{"line":164,"column":49},"skip":true}]},"18":{"line":258,"type":"if","locations":[{"start":{"line":258,"column":8},"end":{"line":258,"column":8},"skip":true},{"start":{"line":258,"column":8},"end":{"line":258,"column":8},"skip":true}]},"19":{"line":275,"type":"switch","locations":[{"start":{"line":276,"column":20},"end":{"line":277,"column":64},"skip":true},{"start":{"line":278,"column":20},"end":{"line":279,"column":40},"skip":true},{"start":{"line":280,"column":20},"end":{"line":281,"column":40},"skip":true},{"start":{"line":282,"column":20},"end":{"line":283,"column":39},"skip":true}]},"20":{"line":288,"type":"if","locations":[{"start":{"line":288,"column":8},"end":{"line":288,"column":8},"skip":true},{"start":{"line":288,"column":8},"end":{"line":288,"column":8},"skip":true}]},"21":{"line":288,"type":"binary-expr","locations":[{"start":{"line":288,"column":12},"end":{"line":288,"column":40},"skip":true},{"start":{"line":288,"column":44},"end":{"line":288,"column":67},"skip":true}]},"22":{"line":292,"type":"binary-expr","locations":[{"start":{"line":292,"column":12},"end":{"line":292,"column":50},"skip":true},{"start":{"line":293,"column":12},"end":{"line":293,"column":53},"skip":true}]},"23":{"line":297,"type":"binary-expr","locations":[{"start":{"line":297,"column":12},"end":{"line":297,"column":65},"skip":true},{"start":{"line":298,"column":12},"end":{"line":301,"column":36},"skip":true}]},"24":{"line":303,"type":"binary-expr","locations":[{"start":{"line":303,"column":43},"end":{"line":303,"column":75},"skip":true},{"start":{"line":303,"column":79},"end":{"line":303,"column":81},"skip":true}]},"25":{"line":306,"type":"if","locations":[{"start":{"line":306,"column":8},"end":{"line":306,"column":8},"skip":true},{"start":{"line":306,"column":8},"end":{"line":306,"column":8},"skip":true}]},"26":{"line":310,"type":"if","locations":[{"start":{"line":310,"column":8},"end":{"line":310,"column":8},"skip":true},{"start":{"line":310,"column":8},"end":{"line":310,"column":8},"skip":true}]},"27":{"line":313,"type":"binary-expr","locations":[{"start":{"line":313,"column":27},"end":{"line":313,"column":43},"skip":true},{"start":{"line":313,"column":47},"end":{"line":313,"column":53},"skip":true}]},"28":{"line":317,"type":"if","locations":[{"start":{"line":317,"column":12},"end":{"line":317,"column":12},"skip":true},{"start":{"line":317,"column":12},"end":{"line":317,"column":12},"skip":true}]}},"code":["/*","example.js","","quickstart example","","instruction","    1. save this script as example.js","    2. run the shell command:","        $ npm install npmtest-release && PORT=8081 node example.js","    3. play with the browser-demo on http://127.0.0.1:8081","*/","","","","/* istanbul instrument in package npmtest_release */","/*jslint","    bitwise: true,","    browser: true,","    maxerr: 8,","    maxlen: 96,","    node: true,","    nomen: true,","    regexp: true,","    stupid: true","*/","(function () {","    'use strict';","    var local;","","","","    // run shared js-env code - pre-init","    (function () {","        // init local","        local = {};","        // init modeJs","        local.modeJs = (function () {","            try {","                return typeof navigator.userAgent === 'string' &&","                    typeof document.querySelector('body') === 'object' &&","                    typeof XMLHttpRequest.prototype.open === 'function' &&","                    'browser';","            } catch (errorCaughtBrowser) {","                return module.exports &&","                    typeof process.versions.node === 'string' &&","                    typeof require('http').createServer === 'function' &&","                    'node';","            }","        }());","        // init global","        local.global = local.modeJs === 'browser'","            ? window","            : global;","        // init utility2_rollup","        local = local.global.utility2_rollup || (local.modeJs === 'browser'","            ? local.global.utility2_npmtest_release","            : global.utility2_moduleExports);","        // export local","        local.global.local = local;","    }());","    switch (local.modeJs) {","","","","    // post-init","    // run browser js-env code - post-init","    /* istanbul ignore next */","    case 'browser':","        local.testRunBrowser = function (event) {","            if (!event || (event &&","                    event.currentTarget &&","                    event.currentTarget.className &&","                    event.currentTarget.className.includes &&","                    event.currentTarget.className.includes('onreset'))) {","                // reset output","                Array.from(","                    document.querySelectorAll('body > .resettable')","                ).forEach(function (element) {","                    switch (element.tagName) {","                    case 'INPUT':","                    case 'TEXTAREA':","                        element.value = '';","                        break;","                    default:","                        element.textContent = '';","                    }","                });","            }","            switch (event && event.currentTarget && event.currentTarget.id) {","            case 'testRunButton1':","                // show tests","                if (document.querySelector('#testReportDiv1').style.display === 'none') {","                    document.querySelector('#testReportDiv1').style.display = 'block';","                    document.querySelector('#testRunButton1').textContent =","                        'hide internal test';","                    local.modeTest = true;","                    local.testRunDefault(local);","                // hide tests","                } else {","                    document.querySelector('#testReportDiv1').style.display = 'none';","                    document.querySelector('#testRunButton1').textContent = 'run internal test';","                }","                break;","            // custom-case","            default:","                break;","            }","            if (document.querySelector('#inputTextareaEval1') && (!event || (event &&","                    event.currentTarget &&","                    event.currentTarget.className &&","                    event.currentTarget.className.includes &&","                    event.currentTarget.className.includes('oneval')))) {","                // try to eval input-code","                try {","                    /*jslint evil: true*/","                    eval(document.querySelector('#inputTextareaEval1').value);","                } catch (errorCaught) {","                    console.error(errorCaught);","                }","            }","        };","        // log stderr and stdout to #outputTextareaStdout1","        ['error', 'log'].forEach(function (key) {","            console[key + '_original'] = console[key];","            console[key] = function () {","                var element;","                console[key + '_original'].apply(console, arguments);","                element = document.querySelector('#outputTextareaStdout1');","                if (!element) {","                    return;","                }","                // append text to #outputTextareaStdout1","                element.value += Array.from(arguments).map(function (arg) {","                    return typeof arg === 'string'","                        ? arg","                        : JSON.stringify(arg, null, 4);","                }).join(' ') + '\\n';","                // scroll textarea to bottom","                element.scrollTop = element.scrollHeight;","            };","        });","        // init event-handling","        ['change', 'click', 'keyup'].forEach(function (event) {","            Array.from(document.querySelectorAll('.on' + event)).forEach(function (element) {","                element.addEventListener(event, local.testRunBrowser);","            });","        });","        // run tests","        local.testRunBrowser();","        break;","","","","    // run node js-env code - post-init","    /* istanbul ignore next */","    case 'node':","        // export local","        module.exports = local;","        // require modules","        local.fs = require('fs');","        local.http = require('http');","        local.url = require('url');","        // init assets","        local.assetsDict = local.assetsDict || {};","        /* jslint-ignore-begin */","        local.assetsDict['/assets.index.template.html'] = '\\","<!doctype html>\\n\\","<html lang=\"en\">\\n\\","<head>\\n\\","<meta charset=\"UTF-8\">\\n\\","<meta name=\"viewport\" content=\"width=device-width, initial-scale=1\">\\n\\","<title>{{env.npm_package_name}} (v{{env.npm_package_version}})</title>\\n\\","<style>\\n\\","/*csslint\\n\\","    box-sizing: false,\\n\\","    universal-selector: false\\n\\","*/\\n\\","* {\\n\\","    box-sizing: border-box;\\n\\","}\\n\\","body {\\n\\","    background: #dde;\\n\\","    font-family: Arial, Helvetica, sans-serif;\\n\\","    margin: 2rem;\\n\\","}\\n\\","body > * {\\n\\","    margin-bottom: 1rem;\\n\\","}\\n\\",".utility2FooterDiv {\\n\\","    margin-top: 20px;\\n\\","    text-align: center;\\n\\","}\\n\\","</style>\\n\\","<style>\\n\\","/*csslint\\n\\","*/\\n\\","textarea {\\n\\","    font-family: monospace;\\n\\","    height: 10rem;\\n\\","    width: 100%;\\n\\","}\\n\\","textarea[readonly] {\\n\\","    background: #ddd;\\n\\","}\\n\\","</style>\\n\\","</head>\\n\\","<body>\\n\\","<!-- utility2-comment\\n\\","<div id=\"ajaxProgressDiv1\" style=\"background: #d00; height: 2px; left: 0; margin: 0; padding: 0; position: fixed; top: 0; transition: background 0.5s, width 1.5s; width: 25%;\"></div>\\n\\","utility2-comment -->\\n\\","<h1>\\n\\","<!-- utility2-comment\\n\\","    <a\\n\\","        {{#if env.npm_package_homepage}}\\n\\","        href=\"{{env.npm_package_homepage}}\"\\n\\","        {{/if env.npm_package_homepage}}\\n\\","        target=\"_blank\"\\n\\","    >\\n\\","utility2-comment -->\\n\\","        {{env.npm_package_name}} (v{{env.npm_package_version}})\\n\\","<!-- utility2-comment\\n\\","    </a>\\n\\","utility2-comment -->\\n\\","</h1>\\n\\","<h3>{{env.npm_package_description}}</h3>\\n\\","<!-- utility2-comment\\n\\","<h4><a download href=\"assets.app.js\">download standalone app</a></h4>\\n\\","<button class=\"onclick onreset\" id=\"testRunButton1\">run internal test</button><br>\\n\\","<div id=\"testReportDiv1\" style=\"display: none;\"></div>\\n\\","utility2-comment -->\\n\\","\\n\\","\\n\\","\\n\\","<label>stderr and stdout</label>\\n\\","<textarea class=\"resettable\" id=\"outputTextareaStdout1\" readonly></textarea>\\n\\","<!-- utility2-comment\\n\\","{{#if isRollup}}\\n\\","<script src=\"assets.app.js\"></script>\\n\\","{{#unless isRollup}}\\n\\","utility2-comment -->\\n\\","<script src=\"assets.utility2.rollup.js\"></script>\\n\\","<script src=\"jsonp.utility2._stateInit?callback=window.utility2._stateInit\"></script>\\n\\","<script src=\"assets.npmtest_release.rollup.js\"></script>\\n\\","<script src=\"assets.example.js\"></script>\\n\\","<script src=\"assets.test.js\"></script>\\n\\","<!-- utility2-comment\\n\\","{{/if isRollup}}\\n\\","utility2-comment -->\\n\\","<div class=\"utility2FooterDiv\">\\n\\","    [ this app was created with\\n\\","    <a href=\"https://github.com/kaizhu256/node-utility2\" target=\"_blank\">utility2</a>\\n\\","    ]\\n\\","</div>\\n\\","</body>\\n\\","</html>\\n\\","';","        /* jslint-ignore-end */","        if (local.templateRender) {","            local.assetsDict['/'] = local.templateRender(","                local.assetsDict['/assets.index.template.html'],","                {","                    env: local.objectSetDefault(local.env, {","                        npm_package_description: 'the greatest app in the world!',","                        npm_package_name: 'my-app',","                        npm_package_nameAlias: 'my_app',","                        npm_package_version: '0.0.1'","                    })","                }","            );","        } else {","            local.assetsDict['/'] = local.assetsDict['/assets.index.template.html']","                .replace((/\\{\\{env\\.(\\w+?)\\}\\}/g), function (match0, match1) {","                    // jslint-hack","                    String(match0);","                    switch (match1) {","                    case 'npm_package_description':","                        return 'the greatest app in the world!';","                    case 'npm_package_name':","                        return 'my-app';","                    case 'npm_package_nameAlias':","                        return 'my_app';","                    case 'npm_package_version':","                        return '0.0.1';","                    }","                });","        }","        // run the cli","        if (local.global.utility2_rollup || module !== require.main) {","            break;","        }","        local.assetsDict['/assets.example.js'] =","            local.assetsDict['/assets.example.js'] ||","            local.fs.readFileSync(__filename, 'utf8');","        // bug-workaround - long $npm_package_buildCustomOrg","        /* jslint-ignore-begin */","        local.assetsDict['/assets.npmtest_release.rollup.js'] =","            local.assetsDict['/assets.npmtest_release.rollup.js'] ||","            local.fs.readFileSync(","                local.npmtest_release.__dirname + '/lib.npmtest_release.js',","                'utf8'","            ).replace((/^#!/), '//');","        /* jslint-ignore-end */","        local.assetsDict['/favicon.ico'] = local.assetsDict['/favicon.ico'] || '';","        // if $npm_config_timeout_exit exists,","        // then exit this process after $npm_config_timeout_exit ms","        if (Number(process.env.npm_config_timeout_exit)) {","            setTimeout(process.exit, Number(process.env.npm_config_timeout_exit));","        }","        // start server","        if (local.global.utility2_serverHttp1) {","            break;","        }","        process.env.PORT = process.env.PORT || '8081';","        console.error('server starting on port ' + process.env.PORT);","        local.http.createServer(function (request, response) {","            request.urlParsed = local.url.parse(request.url);","            if (local.assetsDict[request.urlParsed.pathname] !== undefined) {","                response.end(local.assetsDict[request.urlParsed.pathname]);","                return;","            }","            response.statusCode = 404;","            response.end();","        }).listen(process.env.PORT);","        break;","    }","}());",""],"l":{"26":2,"28":2,"33":2,"35":2,"37":2,"38":2,"39":2,"44":1,"51":2,"55":2,"59":2,"61":2,"69":1,"70":2,"76":2,"79":2,"82":2,"83":2,"85":1,"89":2,"92":1,"93":1,"94":1,"96":1,"97":1,"100":1,"101":1,"103":1,"106":1,"108":2,"114":1,"116":1,"118":1,"123":1,"124":2,"125":2,"126":3,"127":3,"128":3,"129":3,"130":1,"133":3,"134":3,"139":3,"143":1,"144":3,"145":1,"149":1,"150":1,"158":1,"160":1,"161":1,"162":1,"164":1,"166":1,"258":1,"259":1,"271":1,"274":6,"275":6,"277":1,"279":2,"281":1,"283":2,"288":1,"289":1,"291":1,"296":1,"303":1,"306":1,"307":1,"310":1,"311":1,"313":1,"314":1,"315":1,"316":1,"317":1,"318":1,"319":1,"321":1,"322":1,"324":1}},"/home/travis/build/npmtest/node-npmtest-release/node_modules/release/bin/release.js":{"path":"/home/travis/build/npmtest/node-npmtest-release/node_modules/release/bin/release.js","s":{"1":1,"2":1,"3":1,"4":1,"5":1,"6":1,"7":1,"8":1,"9":1,"10":1,"11":1,"12":1,"13":1,"14":1,"15":1,"16":1,"17":1,"18":1,"19":1,"20":1,"21":0,"22":0,"23":1,"24":0,"25":1,"26":1,"27":1,"28":1,"29":1,"30":1,"31":0,"32":0,"33":0,"34":0,"35":1,"36":0,"37":0,"38":0,"39":0,"40":0,"41":0,"42":0,"43":0,"44":0,"45":0,"46":0,"47":0,"48":0,"49":0,"50":0,"51":0,"52":1,"53":0,"54":0,"55":0,"56":0,"57":0,"58":0,"59":0,"60":0,"61":0,"62":0,"63":0,"64":0,"65":0,"66":0,"67":0,"68":0,"69":0,"70":0,"71":0,"72":0,"73":0,"74":0,"75":1,"76":0,"77":0,"78":0,"79":0,"80":0,"81":0,"82":0,"83":0,"84":0,"85":1,"86":1,"87":1,"88":1,"89":0,"90":0,"91":0,"92":0,"93":0,"94":0,"95":0,"96":0,"97":0,"98":0,"99":0,"100":0,"101":0,"102":0,"103":0,"104":0,"105":0,"106":0,"107":0,"108":0,"109":0,"110":0,"111":0,"112":0,"113":0,"114":0,"115":0,"116":0,"117":0,"118":0,"119":0,"120":0,"121":0,"122":0,"123":0,"124":1},"b":{"1":[0,1],"2":[0,1],"3":[0,0],"4":[0,0],"5":[0,0],"6":[0,0],"7":[0,0],"8":[0,0],"9":[0,0],"10":[0,0],"11":[0,0],"12":[0,0],"13":[0,0],"14":[0,0],"15":[0,0],"16":[0,0],"17":[0,0],"18":[0,0],"19":[0,0],"20":[0,0],"21":[0,0],"22":[0,0],"23":[0,0],"24":[0,0]},"f":{"1":0,"2":1},"fnMap":{"1":{"name":"(anonymous_1)","line":155,"loc":{"start":{"line":155,"column":14},"end":{"line":155,"column":31}}},"2":{"name":"(anonymous_2)","line":189,"loc":{"start":{"line":189,"column":37},"end":{"line":189,"column":49}}}},"statementMap":{"1":{"start":{"line":4,"column":0},"end":{"line":4,"column":29}},"2":{"start":{"line":5,"column":0},"end":{"line":5,"column":31}},"3":{"start":{"line":6,"column":0},"end":{"line":6,"column":33}},"4":{"start":{"line":7,"column":0},"end":{"line":7,"column":37}},"5":{"start":{"line":8,"column":0},"end":{"line":8,"column":29}},"6":{"start":{"line":9,"column":0},"end":{"line":9,"column":42}},"7":{"start":{"line":10,"column":0},"end":{"line":10,"column":50}},"8":{"start":{"line":11,"column":0},"end":{"line":11,"column":33}},"9":{"start":{"line":12,"column":0},"end":{"line":12,"column":44}},"10":{"start":{"line":15,"column":0},"end":{"line":15,"column":45}},"11":{"start":{"line":16,"column":0},"end":{"line":16,"column":57}},"12":{"start":{"line":17,"column":0},"end":{"line":17,"column":45}},"13":{"start":{"line":18,"column":0},"end":{"line":18,"column":45}},"14":{"start":{"line":19,"column":0},"end":{"line":19,"column":39}},"15":{"start":{"line":20,"column":0},"end":{"line":20,"column":50}},"16":{"start":{"line":21,"column":0},"end":{"line":21,"column":42}},"17":{"start":{"line":22,"column":0},"end":{"line":22,"column":52}},"18":{"start":{"line":23,"column":0},"end":{"line":23,"column":48}},"19":{"start":{"line":24,"column":0},"end":{"line":24,"column":34}},"20":{"start":{"line":27,"column":0},"end":{"line":32,"column":1}},"21":{"start":{"line":28,"column":2},"end":{"line":30,"column":4}},"22":{"start":{"line":31,"column":2},"end":{"line":31,"column":18}},"23":{"start":{"line":36,"column":0},"end":{"line":38,"column":1}},"24":{"start":{"line":37,"column":2},"end":{"line":37,"column":35}},"25":{"start":{"line":40,"column":0},"end":{"line":42,"column":68}},"26":{"start":{"line":44,"column":0},"end":{"line":44,"column":39}},"27":{"start":{"line":46,"column":0},"end":{"line":46,"column":21}},"28":{"start":{"line":47,"column":0},"end":{"line":47,"column":16}},"29":{"start":{"line":49,"column":0},"end":{"line":65,"column":2}},"30":{"start":{"line":67,"column":0},"end":{"line":74,"column":2}},"31":{"start":{"line":68,"column":2},"end":{"line":70,"column":3}},"32":{"start":{"line":69,"column":4},"end":{"line":69,"column":17}},"33":{"start":{"line":72,"column":2},"end":{"line":72,"column":35}},"34":{"start":{"line":73,"column":2},"end":{"line":73,"column":61}},"35":{"start":{"line":76,"column":0},"end":{"line":114,"column":2}},"36":{"start":{"line":77,"column":2},"end":{"line":77,"column":39}},"37":{"start":{"line":78,"column":2},"end":{"line":78,"column":52}},"38":{"start":{"line":80,"column":2},"end":{"line":80,"column":50}},"39":{"start":{"line":81,"column":2},"end":{"line":81,"column":42}},"40":{"start":{"line":83,"column":2},"end":{"line":93,"column":4}},"41":{"start":{"line":95,"column":2},"end":{"line":97,"column":3}},"42":{"start":{"line":96,"column":4},"end":{"line":96,"column":21}},"43":{"start":{"line":99,"column":2},"end":{"line":113,"column":5}},"44":{"start":{"line":100,"column":4},"end":{"line":103,"column":5}},"45":{"start":{"line":101,"column":6},"end":{"line":101,"column":24}},"46":{"start":{"line":102,"column":6},"end":{"line":102,"column":54}},"47":{"start":{"line":105,"column":4},"end":{"line":105,"column":29}},"48":{"start":{"line":106,"column":4},"end":{"line":106,"column":58}},"49":{"start":{"line":108,"column":4},"end":{"line":110,"column":5}},"50":{"start":{"line":109,"column":6},"end":{"line":109,"column":23}},"51":{"start":{"line":112,"column":4},"end":{"line":112,"column":77}},"52":{"start":{"line":116,"column":0},"end":{"line":168,"column":2}},"53":{"start":{"line":117,"column":2},"end":{"line":117,"column":23}},"54":{"start":{"line":118,"column":2},"end":{"line":118,"column":24}},"55":{"start":{"line":120,"column":2},"end":{"line":120,"column":48}},"56":{"start":{"line":123,"column":2},"end":{"line":123,"column":20}},"57":{"start":{"line":125,"column":2},"end":{"line":142,"column":3}},"58":{"start":{"line":126,"column":4},"end":{"line":126,"column":65}},"59":{"start":{"line":127,"column":4},"end":{"line":127,"column":77}},"60":{"start":{"line":129,"column":4},"end":{"line":129,"column":50}},"61":{"start":{"line":131,"column":4},"end":{"line":134,"column":5}},"62":{"start":{"line":132,"column":6},"end":{"line":132,"column":43}},"63":{"start":{"line":133,"column":6},"end":{"line":133,"column":15}},"64":{"start":{"line":136,"column":4},"end":{"line":141,"column":7}},"65":{"start":{"line":144,"column":2},"end":{"line":144,"column":27}},"66":{"start":{"line":148,"column":2},"end":{"line":148,"column":25}},"67":{"start":{"line":150,"column":2},"end":{"line":152,"column":4}},"68":{"start":{"line":154,"column":2},"end":{"line":167,"column":4}},"69":{"start":{"line":157,"column":6},"end":{"line":157,"column":22}},"70":{"start":{"line":158,"column":6},"end":{"line":158,"column":55}},"71":{"start":{"line":160,"column":6},"end":{"line":160,"column":59}},"72":{"start":{"line":161,"column":6},"end":{"line":161,"column":57}},"73":{"start":{"line":162,"column":6},"end":{"line":162,"column":77}},"74":{"start":{"line":165,"column":6},"end":{"line":165,"column":48}},"75":{"start":{"line":170,"column":0},"end":{"line":187,"column":2}},"76":{"start":{"line":171,"column":2},"end":{"line":171,"column":49}},"77":{"start":{"line":173,"column":2},"end":{"line":186,"column":5}},"78":{"start":{"line":174,"column":4},"end":{"line":179,"column":5}},"79":{"start":{"line":175,"column":6},"end":{"line":178,"column":7}},"80":{"start":{"line":176,"column":8},"end":{"line":176,"column":46}},"81":{"start":{"line":177,"column":8},"end":{"line":177,"column":33}},"82":{"start":{"line":181,"column":4},"end":{"line":183,"column":5}},"83":{"start":{"line":182,"column":6},"end":{"line":182,"column":72}},"84":{"start":{"line":185,"column":4},"end":{"line":185,"column":40}},"85":{"start":{"line":189,"column":0},"end":{"line":264,"column":3}},"86":{"start":{"line":190,"column":2},"end":{"line":190,"column":11}},"87":{"start":{"line":192,"column":2},"end":{"line":196,"column":3}},"88":{"start":{"line":193,"column":4},"end":{"line":193,"column":27}},"89":{"start":{"line":195,"column":4},"end":{"line":195,"column":61}},"90":{"start":{"line":198,"column":2},"end":{"line":200,"column":3}},"91":{"start":{"line":199,"column":4},"end":{"line":199,"column":57}},"92":{"start":{"line":202,"column":2},"end":{"line":202,"column":38}},"93":{"start":{"line":204,"column":2},"end":{"line":206,"column":3}},"94":{"start":{"line":205,"column":4},"end":{"line":205,"column":74}},"95":{"start":{"line":208,"column":2},"end":{"line":208,"column":37}},"96":{"start":{"line":209,"column":2},"end":{"line":209,"column":32}},"97":{"start":{"line":211,"column":2},"end":{"line":211,"column":61}},"98":{"start":{"line":213,"column":2},"end":{"line":263,"column":4}},"99":{"start":{"line":219,"column":6},"end":{"line":221,"column":7}},"100":{"start":{"line":220,"column":8},"end":{"line":220,"column":64}},"101":{"start":{"line":223,"column":6},"end":{"line":226,"column":7}},"102":{"start":{"line":224,"column":8},"end":{"line":224,"column":29}},"103":{"start":{"line":225,"column":8},"end":{"line":225,"column":15}},"104":{"start":{"line":228,"column":6},"end":{"line":228,"column":33}},"105":{"start":{"line":230,"column":6},"end":{"line":235,"column":7}},"106":{"start":{"line":231,"column":8},"end":{"line":234,"column":9}},"107":{"start":{"line":232,"column":10},"end":{"line":232,"column":36}},"108":{"start":{"line":233,"column":10},"end":{"line":233,"column":16}},"109":{"start":{"line":237,"column":6},"end":{"line":240,"column":7}},"110":{"start":{"line":238,"column":8},"end":{"line":238,"column":29}},"111":{"start":{"line":239,"column":8},"end":{"line":239,"column":15}},"112":{"start":{"line":242,"column":6},"end":{"line":247,"column":7}},"113":{"start":{"line":243,"column":8},"end":{"line":243,"column":79}},"114":{"start":{"line":244,"column":8},"end":{"line":244,"column":49}},"115":{"start":{"line":246,"column":8},"end":{"line":246,"column":15}},"116":{"start":{"line":249,"column":6},"end":{"line":249,"column":31}},"117":{"start":{"line":250,"column":6},"end":{"line":250,"column":22}},"118":{"start":{"line":252,"column":6},"end":{"line":252,"column":56}},"119":{"start":{"line":254,"column":6},"end":{"line":256,"column":7}},"120":{"start":{"line":255,"column":8},"end":{"line":255,"column":25}},"121":{"start":{"line":258,"column":6},"end":{"line":258,"column":75}},"122":{"start":{"line":259,"column":6},"end":{"line":259,"column":62}},"123":{"start":{"line":261,"column":6},"end":{"line":261,"column":22}},"124":{"start":{"line":266,"column":0},"end":{"line":266,"column":21}}},"branchMap":{"1":{"line":27,"type":"if","locations":[{"start":{"line":27,"column":0},"end":{"line":27,"column":0}},{"start":{"line":27,"column":0},"end":{"line":27,"column":0}}]},"2":{"line":36,"type":"if","locations":[{"start":{"line":36,"column":0},"end":{"line":36,"column":0}},{"start":{"line":36,"column":0},"end":{"line":36,"column":0}}]},"3":{"line":68,"type":"if","locations":[{"start":{"line":68,"column":2},"end":{"line":68,"column":2}},{"start":{"line":68,"column":2},"end":{"line":68,"column":2}}]},"4":{"line":68,"type":"binary-expr","locations":[{"start":{"line":68,"column":6},"end":{"line":68,"column":14}},{"start":{"line":68,"column":18},"end":{"line":68,"column":35}}]},"5":{"line":73,"type":"cond-expr","locations":[{"start":{"line":73,"column":16},"end":{"line":73,"column":50}},{"start":{"line":73,"column":53},"end":{"line":73,"column":60}}]},"6":{"line":77,"type":"cond-expr","locations":[{"start":{"line":77,"column":28},"end":{"line":77,"column":33}},{"start":{"line":77,"column":36},"end":{"line":77,"column":38}}]},"7":{"line":80,"type":"cond-expr","locations":[{"start":{"line":80,"column":32},"end":{"line":80,"column":38}},{"start":{"line":80,"column":41},"end":{"line":80,"column":49}}]},"8":{"line":95,"type":"if","locations":[{"start":{"line":95,"column":2},"end":{"line":95,"column":2}},{"start":{"line":95,"column":2},"end":{"line":95,"column":2}}]},"9":{"line":100,"type":"if","locations":[{"start":{"line":100,"column":4},"end":{"line":100,"column":4}},{"start":{"line":100,"column":4},"end":{"line":100,"column":4}}]},"10":{"line":100,"type":"binary-expr","locations":[{"start":{"line":100,"column":8},"end":{"line":100,"column":11}},{"start":{"line":100,"column":15},"end":{"line":100,"column":29}}]},"11":{"line":108,"type":"if","locations":[{"start":{"line":108,"column":4},"end":{"line":108,"column":4}},{"start":{"line":108,"column":4},"end":{"line":108,"column":4}}]},"12":{"line":129,"type":"binary-expr","locations":[{"start":{"line":129,"column":23},"end":{"line":129,"column":31}},{"start":{"line":129,"column":35},"end":{"line":129,"column":49}}]},"13":{"line":131,"type":"if","locations":[{"start":{"line":131,"column":4},"end":{"line":131,"column":4}},{"start":{"line":131,"column":4},"end":{"line":131,"column":4}}]},"14":{"line":175,"type":"if","locations":[{"start":{"line":175,"column":6},"end":{"line":175,"column":6}},{"start":{"line":175,"column":6},"end":{"line":175,"column":6}}]},"15":{"line":181,"type":"if","locations":[{"start":{"line":181,"column":4},"end":{"line":181,"column":4}},{"start":{"line":181,"column":4},"end":{"line":181,"column":4}}]},"16":{"line":198,"type":"if","locations":[{"start":{"line":198,"column":2},"end":{"line":198,"column":2}},{"start":{"line":198,"column":2},"end":{"line":198,"column":2}}]},"17":{"line":204,"type":"if","locations":[{"start":{"line":204,"column":2},"end":{"line":204,"column":2}},{"start":{"line":204,"column":2},"end":{"line":204,"column":2}}]},"18":{"line":219,"type":"if","locations":[{"start":{"line":219,"column":6},"end":{"line":219,"column":6}},{"start":{"line":219,"column":6},"end":{"line":219,"column":6}}]},"19":{"line":223,"type":"if","locations":[{"start":{"line":223,"column":6},"end":{"line":223,"column":6}},{"start":{"line":223,"column":6},"end":{"line":223,"column":6}}]},"20":{"line":223,"type":"binary-expr","locations":[{"start":{"line":223,"column":10},"end":{"line":223,"column":24}},{"start":{"line":223,"column":28},"end":{"line":223,"column":52}}]},"21":{"line":231,"type":"if","locations":[{"start":{"line":231,"column":8},"end":{"line":231,"column":8}},{"start":{"line":231,"column":8},"end":{"line":231,"column":8}}]},"22":{"line":237,"type":"if","locations":[{"start":{"line":237,"column":6},"end":{"line":237,"column":6}},{"start":{"line":237,"column":6},"end":{"line":237,"column":6}}]},"23":{"line":242,"type":"if","locations":[{"start":{"line":242,"column":6},"end":{"line":242,"column":6}},{"start":{"line":242,"column":6},"end":{"line":242,"column":6}}]},"24":{"line":254,"type":"if","locations":[{"start":{"line":254,"column":6},"end":{"line":254,"column":6}},{"start":{"line":254,"column":6},"end":{"line":254,"column":6}}]}},"code":["//#!/usr/bin/env node","","// Packages","const args = require('args');","const chalk = require('chalk');","const semVer = require('semver');","const inquirer = require('inquirer');","const open = require('open');","const { coroutine } = require('bluebird');","const updateNotifier = require('update-notifier');","const { red } = require('chalk');","const nodeVersion = require('node-version');","","// Ours","const groupChanges = require('../lib/group');","const { branchSynced, getRepo } = require('../lib/repo');","const getCommits = require('../lib/commits');","const getChoices = require('../lib/choices');","const getTags = require('../lib/tags');","const definitions = require('../lib/definitions');","const connect = require('../lib/connect');","const createChangelog = require('../lib/changelog');","const handleSpinner = require('../lib/spinner');","const pkg = require('../package');","","// Throw an error if node version is too low","if (nodeVersion.major < 6) {","  console.error(","    `${red('Error!')} Now requires at least version 6 of Node. Please upgrade!`","  );","  process.exit(1);","}","","// Let user know if there's an update","// This isn't important when deployed to Now","if (pkg.dist) {","  updateNotifier({ pkg }).notify();","}","","args","  .option('pre', 'Mark the release as prerelease')","  .option('overwrite', 'If the release already exists, replace it');","","const flags = args.parse(process.argv);","","let githubConnection;","let repoDetails;","","const changeTypes = [","  {","    handle: 'major',","    name: 'Major Change',","    description: 'incompatible API change'","  },","  {","    handle: 'minor',","    name: 'Minor Change',","    description: 'backwards-compatible functionality'","  },","  {","    handle: 'patch',","    name: 'Patch',","    description: 'backwards-compatible bug fix'","  }","];","","const getReleaseURL = (release, edit = false) => {","  if (!release || !release.html_url) {","    return false;","  }","","  const htmlURL = release.html_url;","  return edit ? htmlURL.replace('/tag/', '/edit/') : htmlURL;","};","","const createRelease = (tag, changelog, exists) => {","  const isPre = flags.pre ? 'pre' : '';","  handleSpinner.create(`Uploading ${isPre}release`);","","  const methodPrefix = exists ? 'edit' : 'create';","  const method = methodPrefix + 'Release';","","  const body = {","    owner: repoDetails.user,","    repo: repoDetails.repo,","    /* eslint-disable camelcase */","    tag_name: tag.tag,","    target_commitish: tag.hash,","    /* eslint-enable camelcase */","    body: changelog,","    draft: true,","    prerelease: flags.pre","  };","","  if (exists) {","    body.id = exists;","  }","","  githubConnection.repos[method](body, (err, response) => {","    if (err || !response.data) {","      console.log('\\n');","      handleSpinner.fail('Failed to upload release.');","    }","","    global.spinner.succeed();","    const releaseURL = getReleaseURL(response.data, true);","","    if (releaseURL) {","      open(releaseURL);","    }","","    console.log(`\\n${chalk.bold('Done!')} 🎉 Opening release in browser...`);","  });","};","","const orderCommits = (commits, tags, exists) => {","  const questions = [];","  const predefined = {};","","  const choices = getChoices(changeTypes, tags);","","  // Show the latest changes first","  commits.reverse();","","  for (const commit of commits) {","    const defTitle = definitions.type(commit.title, changeTypes);","    const defDescription = definitions.type(commit.description, changeTypes);","","    const definition = defTitle || defDescription;","","    if (definition) {","      predefined[commit.hash] = definition;","      continue;","    }","","    questions.push({","      name: commit.hash,","      message: commit.title,","      type: 'list',","      choices","    });","  }","","  global.spinner.succeed();","","  // Prevents the spinner from getting succeeded","  // again once new spinner gets created","  global.spinner = false;","","  console.log(","    `${chalk.green('!')} Please enter the type of change for each commit:\\n`","  );","","  inquirer.prompt(questions).then(","    coroutine(function*(types) {","      // Update the spinner status","      console.log('');","      handleSpinner.create('Generating the changelog');","","      const results = Object.assign({}, predefined, types);","      const grouped = groupChanges(results, changeTypes);","      const changelog = yield createChangelog(grouped, commits, changeTypes);","","      // Upload changelog to GitHub Releases","      createRelease(tags[0], changelog, exists);","    })","  );","};","","const collectChanges = (tags, exists = false) => {","  handleSpinner.create('Loading commit history');","","  getCommits(tags).then(commits => {","    for (const commit of commits) {","      if (semVer.valid(commit.title)) {","        const index = commits.indexOf(commit);","        commits.splice(index, 1);","      }","    }","","    if (commits.length < 1) {","      handleSpinner.fail('No changes happened since the last release.');","    }","","    orderCommits(commits, tags, exists);","  });","};","","const checkReleaseStatus = coroutine(function*() {","  let tags;","","  try {","    tags = yield getTags();","  } catch (err) {","    handleSpinner.fail('Directory is not a Git repository.');","  }","","  if (tags.length < 1) {","    handleSpinner.fail('No tags available for release.');","  }","","  const synced = yield branchSynced();","","  if (!synced) {","    handleSpinner.fail('Your branch needs to be up-to-date with origin.');","  }","","  githubConnection = yield connect();","  repoDetails = yield getRepo();","","  handleSpinner.create('Checking if release already exists');","","  githubConnection.repos.getReleases(","    {","      owner: repoDetails.user,","      repo: repoDetails.repo","    },","    (err, response) => {","      if (err) {","        handleSpinner.fail(\"Couldn't check if release exists.\");","      }","","      if (!response.data || response.data.length < 1) {","        collectChanges(tags);","        return;","      }","","      let existingRelease = null;","","      for (const release of response.data) {","        if (release.tag_name === tags[0].tag) {","          existingRelease = release;","          break;","        }","      }","","      if (!existingRelease) {","        collectChanges(tags);","        return;","      }","","      if (flags.overwrite) {","        global.spinner.text = 'Overwriting release, because it already exists';","        collectChanges(tags, existingRelease.id);","","        return;","      }","","      global.spinner.succeed();","      console.log('');","","      const releaseURL = getReleaseURL(existingRelease);","","      if (releaseURL) {","        open(releaseURL);","      }","","      const alreadyThere = 'Release already exists. Opening in browser...';","      console.error(`${chalk.red('Error!')} ` + alreadyThere);","","      process.exit(1);","    }","  );","});","","checkReleaseStatus();",""],"l":{"4":1,"5":1,"6":1,"7":1,"8":1,"9":1,"10":1,"11":1,"12":1,"15":1,"16":1,"17":1,"18":1,"19":1,"20":1,"21":1,"22":1,"23":1,"24":1,"27":1,"28":0,"31":0,"36":1,"37":0,"40":1,"44":1,"46":1,"47":1,"49":1,"67":1,"68":0,"69":0,"72":0,"73":0,"76":1,"77":0,"78":0,"80":0,"81":0,"83":0,"95":0,"96":0,"99":0,"100":0,"101":0,"102":0,"105":0,"106":0,"108":0,"109":0,"112":0,"116":1,"117":0,"118":0,"120":0,"123":0,"125":0,"126":0,"127":0,"129":0,"131":0,"132":0,"133":0,"136":0,"144":0,"148":0,"150":0,"154":0,"157":0,"158":0,"160":0,"161":0,"162":0,"165":0,"170":1,"171":0,"173":0,"174":0,"175":0,"176":0,"177":0,"181":0,"182":0,"185":0,"189":1,"190":1,"192":1,"193":1,"195":0,"198":0,"199":0,"202":0,"204":0,"205":0,"208":0,"209":0,"211":0,"213":0,"219":0,"220":0,"223":0,"224":0,"225":0,"228":0,"230":0,"231":0,"232":0,"233":0,"237":0,"238":0,"239":0,"242":0,"243":0,"244":0,"246":0,"249":0,"250":0,"252":0,"254":0,"255":0,"258":0,"259":0,"261":0,"266":1}},"/home/travis/build/npmtest/node-npmtest-release/node_modules/release/lib/group.js":{"path":"/home/travis/build/npmtest/node-npmtest-release/node_modules/release/lib/group.js","s":{"1":1,"2":0,"3":0,"4":0,"5":0,"6":0,"7":0,"8":0,"9":0,"10":0,"11":0,"12":0},"b":{"1":[0,0],"2":[0,0]},"f":{},"fnMap":{},"statementMap":{"1":{"start":{"line":1,"column":0},"end":{"line":23,"column":2}},"2":{"start":{"line":2,"column":2},"end":{"line":2,"column":19}},"3":{"start":{"line":4,"column":2},"end":{"line":6,"column":3}},"4":{"start":{"line":5,"column":4},"end":{"line":5,"column":28}},"5":{"start":{"line":8,"column":2},"end":{"line":20,"column":3}},"6":{"start":{"line":9,"column":4},"end":{"line":11,"column":5}},"7":{"start":{"line":10,"column":6},"end":{"line":10,"column":15}},"8":{"start":{"line":13,"column":4},"end":{"line":13,"column":39}},"9":{"start":{"line":15,"column":4},"end":{"line":17,"column":5}},"10":{"start":{"line":16,"column":6},"end":{"line":16,"column":15}},"11":{"start":{"line":19,"column":4},"end":{"line":19,"column":35}},"12":{"start":{"line":22,"column":2},"end":{"line":22,"column":15}}},"branchMap":{"1":{"line":9,"type":"if","locations":[{"start":{"line":9,"column":4},"end":{"line":9,"column":4}},{"start":{"line":9,"column":4},"end":{"line":9,"column":4}}]},"2":{"line":15,"type":"if","locations":[{"start":{"line":15,"column":4},"end":{"line":15,"column":4}},{"start":{"line":15,"column":4},"end":{"line":15,"column":4}}]}},"code":["module.exports = (changes, changeTypes) => {","  const types = {};","","  for (const type of changeTypes) {","    types[type.handle] = [];","  }","","  for (const change in changes) {","    if (!{}.hasOwnProperty.call(changes, change)) {","      continue;","    }","","    const changeType = changes[change];","","    if (changeType === 'ignore') {","      continue;","    }","","    types[changeType].push(change);","  }","","  return types;","};",""],"l":{"1":1,"2":0,"4":0,"5":0,"8":0,"9":0,"10":0,"13":0,"15":0,"16":0,"19":0,"22":0}},"/home/travis/build/npmtest/node-npmtest-release/node_modules/release/lib/repo.js":{"path":"/home/travis/build/npmtest/node-npmtest-release/node_modules/release/lib/repo.js","s":{"1":1,"2":1,"3":1,"4":1,"5":1,"6":0,"7":0,"8":0,"9":0,"10":0,"11":0,"12":0,"13":0,"14":1,"15":0,"16":0,"17":0,"18":0,"19":0,"20":0,"21":0,"22":0,"23":0,"24":0,"25":0,"26":0,"27":0,"28":0,"29":0,"30":0,"31":0},"b":{"1":[0,0],"2":[0,0],"3":[0,0],"4":[0,0]},"f":{},"fnMap":{},"statementMap":{"1":{"start":{"line":2,"column":0},"end":{"line":2,"column":33}},"2":{"start":{"line":3,"column":0},"end":{"line":3,"column":42}},"3":{"start":{"line":4,"column":0},"end":{"line":4,"column":41}},"4":{"start":{"line":7,"column":0},"end":{"line":7,"column":43}},"5":{"start":{"line":9,"column":0},"end":{"line":22,"column":5}},"6":{"start":{"line":10,"column":2},"end":{"line":22,"column":4}},"7":{"start":{"line":11,"column":4},"end":{"line":21,"column":7}},"8":{"start":{"line":12,"column":6},"end":{"line":15,"column":7}},"9":{"start":{"line":13,"column":8},"end":{"line":13,"column":69}},"10":{"start":{"line":14,"column":8},"end":{"line":14,"column":15}},"11":{"start":{"line":17,"column":6},"end":{"line":17,"column":31}},"12":{"start":{"line":18,"column":6},"end":{"line":18,"column":32}},"13":{"start":{"line":20,"column":6},"end":{"line":20,"column":23}},"14":{"start":{"line":24,"column":0},"end":{"line":55,"column":5}},"15":{"start":{"line":25,"column":2},"end":{"line":55,"column":4}},"16":{"start":{"line":26,"column":4},"end":{"line":26,"column":31}},"17":{"start":{"line":28,"column":4},"end":{"line":28,"column":54}},"18":{"start":{"line":30,"column":4},"end":{"line":54,"column":7}},"19":{"start":{"line":31,"column":6},"end":{"line":33,"column":7}},"20":{"start":{"line":32,"column":8},"end":{"line":32,"column":15}},"21":{"start":{"line":35,"column":6},"end":{"line":53,"column":9}},"22":{"start":{"line":36,"column":8},"end":{"line":39,"column":9}},"23":{"start":{"line":37,"column":10},"end":{"line":37,"column":25}},"24":{"start":{"line":38,"column":10},"end":{"line":38,"column":17}},"25":{"start":{"line":41,"column":8},"end":{"line":43,"column":9}},"26":{"start":{"line":42,"column":10},"end":{"line":42,"column":32}},"27":{"start":{"line":45,"column":8},"end":{"line":50,"column":9}},"28":{"start":{"line":46,"column":10},"end":{"line":49,"column":11}},"29":{"start":{"line":47,"column":12},"end":{"line":47,"column":27}},"30":{"start":{"line":48,"column":12},"end":{"line":48,"column":18}},"31":{"start":{"line":52,"column":8},"end":{"line":52,"column":22}}},"branchMap":{"1":{"line":12,"type":"if","locations":[{"start":{"line":12,"column":6},"end":{"line":12,"column":6}},{"start":{"line":12,"column":6},"end":{"line":12,"column":6}}]},"2":{"line":31,"type":"if","locations":[{"start":{"line":31,"column":6},"end":{"line":31,"column":6}},{"start":{"line":31,"column":6},"end":{"line":31,"column":6}}]},"3":{"line":36,"type":"if","locations":[{"start":{"line":36,"column":8},"end":{"line":36,"column":8}},{"start":{"line":36,"column":8},"end":{"line":36,"column":8}}]},"4":{"line":46,"type":"if","locations":[{"start":{"line":46,"column":10},"end":{"line":46,"column":10}},{"start":{"line":46,"column":10},"end":{"line":46,"column":10}}]}},"code":["// Packages","const git = require('git-state');","const repoName = require('git-repo-name');","const repoUser = require('git-username');","","// Ours","const handleSpinner = require('./spinner');","","exports.getRepo = () =>","  new Promise(resolve => {","    repoName((err, repo) => {","      if (err) {","        handleSpinner.fail('Could not determine GitHub repository.');","        return;","      }","","      const details = { repo };","      details.user = repoUser();","","      resolve(details);","    });","  });","","exports.branchSynced = () =>","  new Promise(resolve => {","    const path = process.cwd();","","    const ignore = ['branch', 'stashes', 'untracked'];","","    git.isGit(path, exists => {","      if (!exists) {","        return;","      }","","      git.check(path, (err, results) => {","        if (err) {","          resolve(false);","          return;","        }","","        for (const state of ignore) {","          delete results[state];","        }","","        for (const result in results) {","          if (results[result] > 0) {","            resolve(false);","            break;","          }","        }","","        resolve(true);","      });","    });","  });",""],"l":{"2":1,"3":1,"4":1,"7":1,"9":1,"10":0,"11":0,"12":0,"13":0,"14":0,"17":0,"18":0,"20":0,"24":1,"25":0,"26":0,"28":0,"30":0,"31":0,"32":0,"35":0,"36":0,"37":0,"38":0,"41":0,"42":0,"45":0,"46":0,"47":0,"48":0,"52":0}},"/home/travis/build/npmtest/node-npmtest-release/node_modules/release/lib/spinner.js":{"path":"/home/travis/build/npmtest/node-npmtest-release/node_modules/release/lib/spinner.js","s":{"1":1,"2":1,"3":1,"4":0,"5":0,"6":0,"7":1,"8":0,"9":0,"10":0,"11":0,"12":0},"b":{"1":[0,0],"2":[0,0]},"f":{},"fnMap":{},"statementMap":{"1":{"start":{"line":2,"column":0},"end":{"line":2,"column":27}},"2":{"start":{"line":3,"column":0},"end":{"line":3,"column":33}},"3":{"start":{"line":5,"column":0},"end":{"line":11,"column":2}},"4":{"start":{"line":6,"column":2},"end":{"line":8,"column":3}},"5":{"start":{"line":7,"column":4},"end":{"line":7,"column":29}},"6":{"start":{"line":10,"column":2},"end":{"line":10,"column":40}},"7":{"start":{"line":13,"column":0},"end":{"line":23,"column":2}},"8":{"start":{"line":14,"column":2},"end":{"line":17,"column":3}},"9":{"start":{"line":15,"column":4},"end":{"line":15,"column":26}},"10":{"start":{"line":16,"column":4},"end":{"line":16,"column":20}},"11":{"start":{"line":19,"col
[...]
:{"line":86,"column":36}}]},"6":{"line":118,"type":"if","locations":[{"start":{"line":118,"column":2},"end":{"line":118,"column":2}},{"start":{"line":118,"column":2},"end":{"line":118,"column":2}}]}},"code":["// Native","const queryString = require('querystring');","","// Packages","const request = require('request-promise-native');","const open = require('open');","const randomString = require('random-string');","const retry = require('async-retry');","const Storage = require('configstore');","const GitHubAPI = require('github');","const sleep = require('then-sleep');","const { coroutine } = require('bluebird');","","// Ours","const pkg = require('../package');","const handleSpinner = require('./spinner');","","// Initialize token storage","const config = new Storage(pkg.name);","","const github = new GitHubAPI({","  protocol: 'https',","  headers: {","    'user-agent': `Release v${pkg.version}`","  }","});","","const tokenAPI = state =>","  retry(","    () =>","      new Promise((resolve, reject) => {","        request({","          uri: 'https://release-auth.now.sh',","          qs: {","            state","          },","          json: true","        })","          .then(res => {","            if (res.status === 403) {","              reject(new Error('Unauthorized'));","            }","","            if (res.error) {","              reject(res.error);","            }","","            resolve(res.token);","          })","          .catch(reject);","      }),","    {","      retries: 500","    }","  );","","const validateToken = token =>","  new Promise(resolve => {","    github.authenticate({","      type: 'token',","      token","    });","","    // See if the token works by getting","    // the data for our company's account","    github.users.getForUser(","      {","        username: 'zeit'","      },","      err => {","        if (err) {","          resolve(false);","          return;","        }","","        resolve(true);","      }","    );","  });","","const loadToken = coroutine(function*() {","  if (config.has('token')) {","    const fromStore = config.get('token');","    const valid = yield validateToken(fromStore);","","    return valid ? fromStore : false;","  }","","  return false;","});","","const requestToken = coroutine(function*() {","  let authURL = 'https://github.com/login/oauth/authorize';","","  const state = randomString({","    length: 20","  });","","  const params = {","    // eslint-disable-next-line camelcase","    client_id: '08bd4d4e3725ce1c0465',","    scope: 'repo',","    state","  };","","  authURL += '?' + queryString.stringify(params);","  open(authURL);","","  const token = yield tokenAPI(state);","  config.set('token', token);","","  return token;","});","","module.exports = coroutine(function*() {","  let token = yield loadToken();","","  if (!token) {","    handleSpinner.create('Opening GitHub authentication page');","    yield sleep(100);","","    try {","      token = yield requestToken();","    } catch (err) {","      handleSpinner.fail(\"Couldn't load token.\");","    }","  }","","  github.authenticate({","    type: 'token',","    token","  });","","  return github;","});",""],"l":{"2":1,"5":1,"6":1,"7":1,"8":1,"9":1,"10":1,"11":1,"12":1,"15":1,"16":1,"19":1,"21":1,"28":1,"29":0,"31":0,"32":0,"40":0,"41":0,"44":0,"45":0,"48":0,"57":1,"58":0,"59":0,"66":0,"71":0,"72":0,"73":0,"76":0,"81":1,"82":0,"83":0,"84":0,"86":0,"89":0,"92":1,"93":0,"95":0,"99":0,"106":0,"107":0,"109":0,"110":0,"112":0,"115":1,"116":0,"118":0,"119":0,"120":0,"122":0,"123":0,"125":0,"129":0,"134":0}},"/home/travis/build/npmtest/node-npmtest-release/node_modules/release/lib/changelog.js":{"path":"/home/travis/build/npmtest/node-npmtest-release/node_modules/release/lib/changelog.js","s":{"1":1,"2":1,"3":1,"4":1,"5":1,"6":0,"7":0,"8":0,"9":0,"10":0,"11":0,"12":0,"13":0,"14":0,"15":0,"16":0,"17":0,"18":0,"19":0,"20":0,"21":0,"22":0,"23":0,"24":0,"25":0,"26":0,"27":0,"28":0,"29":0,"30":0,"31":0,"32":0,"33":0,"34":0,"35":0,"36":0,"37":0,"38":0,"39":0,"40":0,"41":0,"42":0,"43":0,"44":0},"b":{"1":[0,0],"2":[0,0],"3":[0,0],"4":[0,0],"5":[0,0],"6":[0,0],"7":[0,0],"8":[0,0],"9":[0,0],"10":[0,0]},"f":{"1":0},"fnMap":{"1":{"name":"(anonymous_1)","line":9,"loc":{"start":{"line":9,"column":27},"end":{"line":9,"column":66}}}},"statementMap":{"1":{"start":{"line":2,"column":0},"end":{"line":2,"column":40}},"2":{"start":{"line":3,"column":0},"end":{"line":3,"column":40}},"3":{"start":{"line":4,"column":0},"end":{"line":4,"column":42}},"4":{"start":{"line":7,"column":0},"end":{"line":7,"column":44}},"5":{"start":{"line":9,"column":0},"end":{"line":86,"column":3}},"6":{"start":{"line":10,"column":2},"end":{"line":10,"column":16}},"7":{"start":{"line":11,"column":2},"end":{"line":11,"column":28}},"8":{"start":{"line":13,"column":2},"end":{"line":57,"column":3}},"9":{"start":{"line":14,"column":4},"end":{"line":16,"column":5}},"10":{"start":{"line":15,"column":6},"end":{"line":15,"column":15}},"11":{"start":{"line":18,"column":4},"end":{"line":18,"column":32}},"12":{"start":{"line":20,"column":4},"end":{"line":22,"column":5}},"13":{"start":{"line":21,"column":6},"end":{"line":21,"column":15}},"14":{"start":{"line":24,"column":4},"end":{"line":26,"column":10}},"15":{"start":{"line":25,"column":6},"end":{"line":25,"column":34}},"16":{"start":{"line":29,"column":4},"end":{"line":29,"column":48}},"17":{"start":{"line":33,"column":4},"end":{"line":33,"column":51}},"18":{"start":{"line":35,"column":4},"end":{"line":56,"column":5}},"19":{"start":{"line":36,"column":6},"end":{"line":36,"column":75}},"20":{"start":{"line":38,"column":6},"end":{"line":40,"column":7}},"21":{"start":{"line":39,"column":8},"end":{"line":39,"column":35}},"22":{"start":{"line":42,"column":6},"end":{"line":51,"column":7}},"23":{"start":{"line":43,"column":8},"end":{"line":50,"column":11}},"24":{"start":{"line":45,"column":10},"end":{"line":47,"column":11}},"25":{"start":{"line":46,"column":12},"end":{"line":46,"column":19}},"26":{"start":{"line":49,"column":10},"end":{"line":49,"column":28}},"27":{"start":{"line":53,"column":6},"end":{"line":55,"column":7}},"28":{"start":{"line":54,"column":8},"end":{"line":54,"column":21}},"29":{"start":{"line":59,"column":2},"end":{"line":82,"column":3}},"30":{"start":{"line":60,"column":4},"end":{"line":60,"column":31}},"31":{"start":{"line":61,"column":4},"end":{"line":61,"column":30}},"32":{"start":{"line":64,"column":4},"end":{"line":64,"column":18}},"33":{"start":{"line":65,"column":4},"end":{"line":78,"column":7}},"34":{"start":{"line":66,"column":6},"end":{"line":66,"column":27}},"35":{"start":{"line":68,"column":6},"end":{"line":68,"column":53}},"36":{"start":{"line":69,"column":6},"end":{"line":69,"column":45}},"37":{"start":{"line":71,"column":6},"end":{"line":75,"column":7}},"38":{"start":{"line":72,"column":8},"end":{"line":72,"column":24}},"39":{"start":{"line":73,"column":13},"end":{"line":75,"column":7}},"40":{"start":{"line":74,"column":8},"end":{"line":74,"column":21}},"41":{"start":{"line":77,"column":6},"end":{"line":77,"column":17}},"42":{"start":{"line":80,"column":4},"end":{"line":80,"column":31}},"43":{"start":{"line":81,"column":4},"end":{"line":81,"column":17}},"44":{"start":{"line":85,"column":2},"end":{"line":85,"column":37}}},"branchMap":{"1":{"line":14,"type":"if","locations":[{"start":{"line":14,"column":4},"end":{"line":14,"column":4}},{"start":{"line":14,"column":4},"end":{"line":14,"column":4}}]},"2":{"line":20,"type":"if","locations":[{"start":{"line":20,"column":4},"end":{"line":20,"column":4}},{"start":{"line":20,"column":4},"end":{"line":20,"column":4}}]},"3":{"line":38,"type":"if","locations":[{"start":{"line":38,"column":6},"end":{"line":38,"column":6}},{"start":{"line":38,"column":6},"end":{"line":38,"column":6}}]},"4":{"line":42,"type":"if","locations":[{"start":{"line":42,"column":6},"end":{"line":42,"column":6}},{"start":{"line":42,"column":6},"end":{"line":42,"column":6}}]},"5":{"line":42,"type":"binary-expr","locations":[{"start":{"line":42,"column":10},"end":{"line":42,"column":31}},{"start":{"line":42,"column":35},"end":{"line":42,"column":67}}]},"6":{"line":45,"type":"if","locations":[{"start":{"line":45,"column":10},"end":{"line":45,"column":10}},{"start":{"line":45,"column":10},"end":{"line":45,"column":10}}]},"7":{"line":53,"type":"if","locations":[{"start":{"line":53,"column":6},"end":{"line":53,"column":6}},{"start":{"line":53,"column":6},"end":{"line":53,"column":6}}]},"8":{"line":59,"type":"if","locations":[{"start":{"line":59,"column":2},"end":{"line":59,"column":2}},{"start":{"line":59,"column":2},"end":{"line":59,"column":2}}]},"9":{"line":71,"type":"if","locations":[{"start":{"line":71,"column":6},"end":{"line":71,"column":6}},{"start":{"line":71,"column":6},"end":{"line":71,"column":6}}]},"10":{"line":73,"type":"if","locations":[{"start":{"line":73,"column":13},"end":{"line":73,"column":13}},{"start":{"line":73,"column":13},"end":{"line":73,"column":13}}]}},"code":["// Packages","const { plural } = require('pluralize');","const stripWhitespace = require('trim');","const { coroutine } = require('bluebird');","","// Ours","const pickCommit = require('./pick-commit');","","module.exports = coroutine(function*(types, commits, changeTypes) {","  let text = '';","  const credits = new Set();","","  for (const type in types) {","    if (!{}.hasOwnProperty.call(types, type)) {","      continue;","    }","","    const changes = types[type];","","    if (changes.length < 1) {","      continue;","    }","","    const typeInfo = changeTypes.filter(item => {","      return item.handle === type;","    })[0];","","    // Add heading","    text += `### ${plural(typeInfo.name)} \\n\\n`;","","    // Find last change, in order to be able","    // to add a newline after it","    const lastChange = changes[changes.length - 1];","","    for (const change of changes) {","      const changeDetails = yield pickCommit(change, commits, changeTypes);","","      if (changeDetails.text) {","        text += changeDetails.text;","      }","","      if (changeDetails.credits && changeDetails.credits.length > 0) {","        changeDetails.credits.forEach(item => {","          // Don't add bots to the credits","          if (item.includes('[bot]')) {","            return;","          }","","          credits.add(item);","        });","      }","","      if (change === lastChange) {","        text += '\\n';","      }","    }","  }","","  if (credits.size > 0) {","    text += '### Credits \\n\\n';","    text += 'Huge thanks to ';","","    // GitHub links usernames if prefixed with @","    let index = 1;","    credits.forEach(credit => {","      text += `@${credit}`;","","      const penultimate = index === credits.size - 1;","      const notLast = index !== credits.size;","","      if (penultimate) {","        text += ' and ';","      } else if (notLast) {","        text += ', ';","      }","","      index += 1;","    });","","    text += ' for their help!';","    text += '\\n';","  }","","  // Remove newlines from the end","  return stripWhitespace.right(text);","});",""],"l":{"2":1,"3":1,"4":1,"7":1,"9":1,"10":0,"11":0,"13":0,"14":0,"15":0,"18":0,"20":0,"21":0,"24":0,"25":0,"29":0,"33":0,"35":0,"36":0,"38":0,"39":0,"42":0,"43":0,"45":0,"46":0,"49":0,"53":0,"54":0,"59":0,"60":0,"61":0,"64":0,"65":0,"66":0,"68":0,"69":0,"71":0,"72":0,"73":0,"74":0,"77":0,"80":0,"81":0,"85":0}},"/home/travis/build/npmtest/node-npmtest-release/node_modules/release/lib/pick-commit.js":{"path":"/home/travis/build/npmtest/node-npmtest-release/node_modules/release/lib/pick-commit.js","s":{"1":1,"2":1,"3":1,"4":1,"5":0,"6":0,"7":0,"8":0,"9":0,"10":0,"11":0,"12":0,"13":0,"14":0,"15":0},"b":{"1":[0,0],"2":[0,0]},"f":{"1":0},"fnMap":{"1":{"name":"(anonymous_1)","line":8,"loc":{"start":{"line":8,"column":27},"end":{"line":8,"column":61}}}},"statementMap":{"1":{"start":{"line":2,"column":0},"end":{"line":2,"column":42}},"2":{"start":{"line":5,"column":0},"end":{"line":5,"column":50}},"3":{"start":{"line":6,"column":0},"end":{"line":6,"column":40}},"4":{"start":{"line":8,"column":0},"end":{"line":33,"column":3}},"5":{"start":{"line":9,"column":2},"end":{"line":11,"column":8}},"6":{"start":{"line":10,"column":4},"end":{"line":10,"column":30}},"7":{"start":{"line":13,"column":2},"end":{"line":13,"column":61}},"8":{"start":{"line":14,"column":2},"end":{"line":14,"column":19}},"9":{"start":{"line":16,"column":2},"end":{"line":27,"column":3}},"10":{"start":{"line":17,"column":4},"end":{"line":17,"column":21}},"11":{"start":{"line":19,"column":4},"end":{"line":19,"column":39}},"12":{"start":{"line":22,"column":4},"end":{"line":22,"column":52}},"13":{"start":{"line":24,"column":4},"end":{"line":26,"column":5}},"14":{"start":{"line":25,"column":6},"end":{"line":25,"column":46}},"15":{"start":{"line":29,"column":2},"end":{"line":32,"column":4}}},"branchMap":{"1":{"line":16,"type":"if","locations":[{"start":{"line":16,"column":2},"end":{"line":16,"column":2}},{"start":{"line":16,"column":2},"end":{"line":16,"column":2}}]},"2":{"line":24,"type":"if","locations":[{"start":{"line":24,"column":4},"end":{"line":24,"column":4}},{"start":{"line":24,"column":4},"end":{"line":24,"column":4}}]}},"code":["// Packages","const { coroutine } = require('bluebird');","","// Ours","const cleanCommitTitle = require('./clean-title');","const getCredits = require('./credits');","","module.exports = coroutine(function*(hash, all, changeTypes) {","  const related = all.filter(item => {","    return item.hash === hash;","  })[0];","","  const title = cleanCommitTitle(related.title, changeTypes);","  let credits = [];","","  if (title.ref) {","    hash = title.ref;","","    const rawHash = hash.split('#')[1];","","    // Retrieve users that have collaborated on a change","    const collaborators = yield getCredits(rawHash);","","    if (collaborators) {","      credits = credits.concat(collaborators);","    }","  }","","  return {","    text: `- ${title.content}: ${hash}\\n`,","    credits","  };","});",""],"l":{"2":1,"5":1,"6":1,"8":1,"9":0,"10":0,"13":0,"14":0,"16":0,"17":0,"19":0,"22":0,"24":0,"25":0,"29":0}},"/home/travis/build/npmtest/node-npmtest-release/node_modules/release/lib/clean-title.js":{"path":"/home/travis/build/npmtest/node-npmtest-release/node_modules/release/lib/clean-title.js","s":{"1":1,"2":1,"3":1,"4":1,"5":0,"6":0,"7":0,"8":0,"9":0,"10":0,"11":0,"12":0},"b":{"1":[0,0],"2":[0,0]},"f":{},"fnMap":{},"statementMap":{"1":{"start":{"line":2,"column":0},"end":{"line":2,"column":41}},"2":{"start":{"line":3,"column":0},"end":{"line":3,"column":40}},"3":{"start":{"line":6,"column":0},"end":{"line":6,"column":45}},"4":{"start":{"line":8,"column":0},"end":{"line":30,"column":2}},"5":{"start":{"line":9,"column":2},"end":{"line":12,"column":4}},"6":{"start":{"line":14,"column":2},"end":{"line":24,"column":3}},"7":{"start":{"line":15,"column":4},"end":{"line":17,"column":5}},"8":{"start":{"line":16,"column":6},"end":{"line":16,"column":15}},"9":{"start":{"line":19,"column":4},"end":{"line":19,"column":40}},"10":{"start":{"line":21,"column":4},"end":{"line":23,"column":5}},"11":{"start":{"line":22,"column":6},"end":{"line":22,"column":51}},"12":{"start":{"line":26,"column":2},"end":{"line":29,"column":4}}},"branchMap":{"1":{"line":15,"type":"if","locations":[{"start":{"line":15,"column":4},"end":{"line":15,"column":4}},{"start":{"line":15,"column":4},"end":{"line":15,"column":4}}]},"2":{"line":21,"type":"if","locations":[{"start":{"line":21,"column":4},"end":{"line":21,"column":4}},{"start":{"line":21,"column":4},"end":{"line":21,"column":4}}]}},"code":["// Packages","const capitalize = require('capitalize');","const stripWhitespace = require('trim');","","// Ours","const definitions = require('./definitions');","","module.exports = (title, changeTypes) => {","  const toReplace = {","    type: definitions.type(title, changeTypes),","    ref: definitions.reference(title)","  };","","  for (const definition in toReplace) {","    if (!{}.hasOwnProperty.call(toReplace, definition)) {","      continue;","    }","","    const state = toReplace[definition];","","    if (state) {","      title = title.replace('(' + state + ')', '');","    }","  }","","  return {","    content: stripWhitespace(capitalize(title)),","    ref: toReplace.ref","  };","};",""],"l":{"2":1,"3":1,"6":1,"8":1,"9":0,"14":0,"15":0,"16":0,"19":0,"21":0,"22":0,"26":0}},"/home/travis/build/npmtest/node-npmtest-release/node_modules/release/lib/credits.js":{"path":"/home/travis/build/npmtest/node-npmtest-release/node_modules/release/lib/credits.js","s":{"1":1,"2":1,"3":1,"4":1,"5":0,"6":0,"7":0,"8":0,"9":0,"10":0,"11":0,"12":0,"13":1,"14":0,"15":0,"16":0,"17":0,"18":0,"19":0,"20":0},"b":{"1":[0,0],"2":[0,0],"3":[0,0]},"f":{"1":0,"2":0},"fnMap":{"1":{"name":"(anonymous_1)","line":10,"loc":{"start":{"line":10,"column":14},"end":{"line":10,"column":41}}},"2":{"name":"(anonymous_2)","line":32,"loc":{"start":{"line":32,"column":27},"end":{"line":32,"column":45}}}},"statementMap":{"1":{"start":{"line":2,"column":0},"end":{"line":2,"column":42}},"2":{"start":{"line":5,"column":0},"end":{"line":5,"column":37}},"3":{"start":{"line":6,"column":0},"end":{"line":6,"column":31}},"4":{"start":{"line":8,"column":0},"end":{"line":30,"column":4}},"5":{"start":{"line":9,"column":2},"end":{"line":30,"column":3}},"6":{"start":{"line":11,"column":6},"end":{"line":11,"column":47}},"7":{"start":{"line":12,"column":6},"end":{"line":12,"column":37}},"8":{"start":{"line":14,"column":6},"end":{"line":28,"column":8}},"9":{"start":{"line":21,"column":10},"end":{"line":24,"column":11}},"10":{"start":{"line":22,"column":12},"end":{"line":22,"column":24}},"11":{"start":{"line":23,"column":12},"end":{"line":23,"column":19}},"12":{"start":{"line":26,"column":10},"end":{"line":26,"column":32}},"13":{"start":{"line":32,"column":0},"end":{"line":46,"column":3}},"14":{"start":{"line":33,"column":2},"end":{"line":33,"column":11}},"15":{"start":{"line":35,"column":2},"end":{"line":39,"column":3}},"16":{"start":{"line":36,"column":4},"end":{"line":36,"column":40}},"17":{"start":{"line":38,"column":4},"end":{"line":38,"column":11}},"18":{"start":{"line":41,"column":2},"end":{"line":43,"column":3}},"19":{"start":{"line":42,"column":4},"end":{"line":42,"column":29}},"20":{"start":{"line":45,"column":2},"end":{"line":45,"column":15}}},"branchMap":{"1":{"line":21,"type":"if","locations":[{"start":{"line":21,"column":10},"end":{"line":21,"column":10}},{"start":{"line":21,"column":10},"end":{"line":21,"column":10}}]},"2":{"line":21,"type":"binary-expr","locations":[{"start":{"line":21,"column":14},"end":{"line":21,"column":17}},{"start":{"line":21,"column":21},"end":{"line":21,"column":34}}]},"3":{"line":41,"type":"if","locations":[{"start":{"line":41,"column":2},"end":{"line":41,"column":2}},{"start":{"line":41,"column":2},"end":{"line":41,"column":2}}]}},"code":["// Packages","const { coroutine } = require('bluebird');","","// Ours","const connect = require('./connect');","const repo = require('./repo');","","const getPullRequest = number =>","  new Promise(","    coroutine(function*(resolve, reject) {","      const repoDetails = yield repo.getRepo();","      const github = yield connect();","","      github.pullRequests.get(","        {","          owner: repoDetails.user,","          repo: repoDetails.repo,","          number","        },","        (err, results) => {","          if (err || !results.data) {","            reject(err);","            return;","          }","","          resolve(results.data);","        }","      );","    })","  );","","module.exports = coroutine(function*(number) {","  let data;","","  try {","    data = yield getPullRequest(number);","  } catch (err) {","    return;","  }","","  if (data.user) {","    return [data.user.login];","  }","","  return false;","});",""],"l":{"2":1,"5":1,"6":1,"8":1,"9":0,"11":0,"12":0,"14":0,"21":0,"22":0,"23":0,"26":0,"32":1,"33":0,"35":0,"36":0,"38":0,"41":0,"42":0,"45":0}}}